 _/_/_/       _/_/     _/    _/    _/_/_/   _/_/_/_/    _/_/_/  
 _/    _/    _/  _/    _/_/_/_/   _/    _/  _/         _/    _/ 
 _/    _/   _/    _/   _/ _/ _/   _/        _/         _/       
 _/_/_/     _/_/_/_/   _/    _/     _/_/    _/_/_/       _/_/   
 _/    _/   _/    _/   _/    _/         _/  _/               _/ 
 _/    _/   _/    _/   _/    _/   _/    _/  _/         _/    _/ 
 _/    _/   _/    _/   _/    _/    _/_/_/   _/_/_/_/    _/_/_/  
                         Version 3.0                            
        written by Romain Teyssier (CEA/DSM/DAPNIA/SAP)         
                      (c) CEA 1999-2007                         
  
 Working with nproc =    1 for ndim = 1
  
 Building initial AMR grid
 Initial mesh structure
 Level  1 has          1 grids (       1,       1,       1,)
 Level  2 has          2 grids (       2,       2,       2,)
 Level  3 has          4 grids (       4,       4,       4,)
 Level  4 has          8 grids (       8,       8,       8,)
 Level  5 has          8 grids (       8,       8,       8,)
 Level  6 has          8 grids (       8,       8,       8,)
 Level  7 has          8 grids (       8,       8,       8,)
 Level  8 has          8 grids (       8,       8,       8,)
 Level  9 has          6 grids (       6,       6,       6,)
 Level 10 has          4 grids (       4,       4,       4,)
 Starting time integration
 Output    58 cells
 ================================================
 lev      x           d          u          P
  4  3.12500E-02  1.000E+00  0.000E+00  1.000E+00
  4  9.37500E-02  1.000E+00  0.000E+00  1.000E+00
  4  1.56250E-01  1.000E+00  0.000E+00  1.000E+00
  4  2.18750E-01  1.000E+00  0.000E+00  1.000E+00
  5  2.65625E-01  1.000E+00  0.000E+00  1.000E+00
  5  2.96875E-01  1.000E+00  0.000E+00  1.000E+00
  5  3.28125E-01  1.000E+00  0.000E+00  1.000E+00
  5  3.59375E-01  1.000E+00  0.000E+00  1.000E+00
  6  3.82813E-01  1.000E+00  0.000E+00  1.000E+00
  6  3.98438E-01  1.000E+00  0.000E+00  1.000E+00
  6  4.14063E-01  1.000E+00  0.000E+00  1.000E+00
  6  4.29688E-01  1.000E+00  0.000E+00  1.000E+00
  7  4.41406E-01  1.000E+00  0.000E+00  1.000E+00
  7  4.49219E-01  1.000E+00  0.000E+00  1.000E+00
  7  4.57031E-01  1.000E+00  0.000E+00  1.000E+00
  7  4.64844E-01  1.000E+00  0.000E+00  1.000E+00
  8  4.70703E-01  1.000E+00  0.000E+00  1.000E+00
  8  4.74609E-01  1.000E+00  0.000E+00  1.000E+00
  8  4.78516E-01  1.000E+00  0.000E+00  1.000E+00
  8  4.82422E-01  1.000E+00  0.000E+00  1.000E+00
  8  4.86328E-01  1.000E+00  0.000E+00  1.000E+00
  9  4.89258E-01  1.000E+00  0.000E+00  1.000E+00
  9  4.91211E-01  1.000E+00  0.000E+00  1.000E+00
  9  4.93164E-01  1.000E+00  0.000E+00  1.000E+00
  9  4.95117E-01  1.000E+00  0.000E+00  1.000E+00
 10  4.96582E-01  1.000E+00  0.000E+00  1.000E+00
 10  4.97559E-01  1.000E+00  0.000E+00  1.000E+00
 10  4.98535E-01  1.000E+00  0.000E+00  1.000E+00
 10  4.99512E-01  1.000E+00  0.000E+00  1.000E+00
 10  5.00488E-01  1.250E-01  0.000E+00  1.000E-01
 10  5.01465E-01  1.250E-01  0.000E+00  1.000E-01
 10  5.02441E-01  1.250E-01  0.000E+00  1.000E-01
 10  5.03418E-01  1.250E-01  0.000E+00  1.000E-01
  9  5.04883E-01  1.250E-01  0.000E+00  1.000E-01
  9  5.06836E-01  1.250E-01  0.000E+00  1.000E-01
  9  5.08789E-01  1.250E-01  0.000E+00  1.000E-01
  9  5.10742E-01  1.250E-01  0.000E+00  1.000E-01
  8  5.13672E-01  1.250E-01  0.000E+00  1.000E-01
  8  5.17578E-01  1.250E-01  0.000E+00  1.000E-01
  8  5.21484E-01  1.250E-01  0.000E+00  1.000E-01
  8  5.25391E-01  1.250E-01  0.000E+00  1.000E-01
  8  5.29297E-01  1.250E-01  0.000E+00  1.000E-01
  7  5.35156E-01  1.250E-01  0.000E+00  1.000E-01
  7  5.42969E-01  1.250E-01  0.000E+00  1.000E-01
  7  5.50781E-01  1.250E-01  0.000E+00  1.000E-01
  7  5.58594E-01  1.250E-01  0.000E+00  1.000E-01
  6  5.70313E-01  1.250E-01  0.000E+00  1.000E-01
  6  5.85938E-01  1.250E-01  0.000E+00  1.000E-01
  6  6.01563E-01  1.250E-01  0.000E+00  1.000E-01
  6  6.17188E-01  1.250E-01  0.000E+00  1.000E-01
  5  6.40625E-01  1.250E-01  0.000E+00  1.000E-01
  5  6.71875E-01  1.250E-01  0.000E+00  1.000E-01
  5  7.03125E-01  1.250E-01  0.000E+00  1.000E-01
  5  7.34375E-01  1.250E-01  0.000E+00  1.000E-01
  4  7.81250E-01  1.250E-01  0.000E+00  1.000E-01
  4  8.43750E-01  1.250E-01  0.000E+00  1.000E-01
  4  9.06250E-01  1.250E-01  0.000E+00  1.000E-01
  4  9.68750E-01  1.250E-01  0.000E+00  1.000E-01
 ================================================
 Fine step=     0 t= 0.00000E+00 dt= 6.602E-04 a= 1.000E+00 mem= 3.2% 
 Fine step=     1 t= 6.60190E-04 dt= 4.452E-04 a= 1.000E+00 mem= 3.2% 
 Fine step=     2 t= 1.10542E-03 dt= 4.067E-04 a= 1.000E+00 mem= 3.3% 
 Fine step=     3 t= 1.51216E-03 dt= 3.860E-04 a= 1.000E+00 mem= 3.3% 
 Fine step=     4 t= 1.89817E-03 dt= 3.792E-04 a= 1.000E+00 mem= 3.5% 
 Fine step=     5 t= 2.27738E-03 dt= 3.673E-04 a= 1.000E+00 mem= 3.5% 
 Fine step=     6 t= 2.64469E-03 dt= 3.633E-04 a= 1.000E+00 mem= 3.6% 
 Fine step=     7 t= 3.00800E-03 dt= 3.614E-04 a= 1.000E+00 mem= 3.6% 
 Fine step=     8 t= 3.36937E-03 dt= 3.576E-04 a= 1.000E+00 mem= 3.7% 
 Fine step=     9 t= 3.72694E-03 dt= 3.573E-04 a= 1.000E+00 mem= 3.7% 
 Fine step=    10 t= 4.08427E-03 dt= 3.552E-04 a= 1.000E+00 mem= 3.8% 
 Fine step=    11 t= 4.43943E-03 dt= 3.523E-04 a= 1.000E+00 mem= 3.8% 
 Fine step=    12 t= 4.79169E-03 dt= 3.544E-04 a= 1.000E+00 mem= 3.9% 
 Fine step=    13 t= 5.14606E-03 dt= 3.500E-04 a= 1.000E+00 mem= 3.9% 
 Fine step=    14 t= 5.49601E-03 dt= 3.492E-04 a= 1.000E+00 mem= 4.0% 
 Fine step=    15 t= 5.84522E-03 dt= 3.499E-04 a= 1.000E+00 mem= 4.0% 
 Mesh structure
 Level  1 has          1 grids (       1,       1,       1,)
 Level  2 has          2 grids (       2,       2,       2,)
 Level  3 has          4 grids (       4,       4,       4,)
 Level  4 has          8 grids (       8,       8,       8,)
 Level  5 has         10 grids (      10,      10,      10,)
 Level  6 has         10 grids (      10,      10,      10,)
 Level  7 has         10 grids (      10,      10,      10,)
 Level  8 has         10 grids (      10,      10,      10,)
 Level  9 has         11 grids (      11,      11,      11,)
 Level 10 has         14 grids (      14,      14,      14,)
 Main step=     1 mcons= 0.00E+00 econs= 0.00E+00 epot= 0.00E+00 ekin= 1.38E+00
 Fine step=    16 t= 6.19514E-03 dt= 3.476E-04 a= 1.000E+00 mem= 4.4% 
 Fine step=    17 t= 6.54276E-03 dt= 3.494E-04 a= 1.000E+00 mem= 4.4% 
 Fine step=    18 t= 6.89220E-03 dt= 3.481E-04 a= 1.000E+00 mem= 4.4% 
 Fine step=    19 t= 7.24030E-03 dt= 3.478E-04 a= 1.000E+00 mem= 4.4% 
 Fine step=    20 t= 7.58806E-03 dt= 3.490E-04 a= 1.000E+00 mem= 4.6% 
 Fine step=    21 t= 7.93710E-03 dt= 3.480E-04 a= 1.000E+00 mem= 4.6% 
 Fine step=    22 t= 8.28510E-03 dt= 3.493E-04 a= 1.000E+00 mem= 4.6% 
 Fine step=    23 t= 8.63443E-03 dt= 3.489E-04 a= 1.000E+00 mem= 4.6% 
 Fine step=    24 t= 8.98329E-03 dt= 3.492E-04 a= 1.000E+00 mem= 4.8% 
 Fine step=    25 t= 9.33251E-03 dt= 3.500E-04 a= 1.000E+00 mem= 4.8% 
 Fine step=    26 t= 9.68247E-03 dt= 3.502E-04 a= 1.000E+00 mem= 4.8% 
 Fine step=    27 t= 1.00327E-02 dt= 3.511E-04 a= 1.000E+00 mem= 4.8% 
 Fine step=    28 t= 1.03838E-02 dt= 3.511E-04 a= 1.000E+00 mem= 4.9% 
 Fine step=    29 t= 1.07349E-02 dt= 3.521E-04 a= 1.000E+00 mem= 4.9% 
 Fine step=    30 t= 1.10869E-02 dt= 3.523E-04 a= 1.000E+00 mem= 5.0% 
 Fine step=    31 t= 1.14393E-02 dt= 3.525E-04 a= 1.000E+00 mem= 5.0% 
 Mesh structure
 Level  1 has          1 grids (       1,       1,       1,)
 Level  2 has          2 grids (       2,       2,       2,)
 Level  3 has          4 grids (       4,       4,       4,)
 Level  4 has          8 grids (       8,       8,       8,)
 Level  5 has         10 grids (      10,      10,      10,)
 Level  6 has         10 grids (      10,      10,      10,)
 Level  7 has         11 grids (      11,      11,      11,)
 Level  8 has         13 grids (      13,      13,      13,)
 Level  9 has         16 grids (      16,      16,      16,)
 Level 10 has         22 grids (      22,      22,      22,)
 Main step=     2 mcons= 0.00E+00 econs= 0.00E+00 epot= 0.00E+00 ekin= 1.38E+00
 Fine step=    32 t= 1.17917E-02 dt= 3.525E-04 a= 1.000E+00 mem= 5.2% 
 Fine step=    33 t= 1.21443E-02 dt= 3.527E-04 a= 1.000E+00 mem= 5.2% 
 Fine step=    34 t= 1.24969E-02 dt= 3.527E-04 a= 1.000E+00 mem= 5.3% 
 Fine step=    35 t= 1.28496E-02 dt= 3.527E-04 a= 1.000E+00 mem= 5.3% 
 Fine step=    36 t= 1.32024E-02 dt= 3.529E-04 a= 1.000E+00 mem= 5.4% 
 Fine step=    37 t= 1.35552E-02 dt= 3.529E-04 a= 1.000E+00 mem= 5.4% 
 Fine step=    38 t= 1.39081E-02 dt= 3.530E-04 a= 1.000E+00 mem= 5.4% 
 Fine step=    39 t= 1.42611E-02 dt= 3.531E-04 a= 1.000E+00 mem= 5.4% 
 Fine step=    40 t= 1.46142E-02 dt= 3.531E-04 a= 1.000E+00 mem= 5.5% 
 Fine step=    41 t= 1.49674E-02 dt= 3.533E-04 a= 1.000E+00 mem= 5.5% 
 Fine step=    42 t= 1.53206E-02 dt= 3.534E-04 a= 1.000E+00 mem= 5.5% 
 Fine step=    43 t= 1.56741E-02 dt= 3.535E-04 a= 1.000E+00 mem= 5.5% 
 Fine step=    44 t= 1.60275E-02 dt= 3.535E-04 a= 1.000E+00 mem= 5.6% 
 Fine step=    45 t= 1.63810E-02 dt= 3.536E-04 a= 1.000E+00 mem= 5.6% 
 Fine step=    46 t= 1.67346E-02 dt= 3.536E-04 a= 1.000E+00 mem= 5.6% 
 Fine step=    47 t= 1.70883E-02 dt= 3.537E-04 a= 1.000E+00 mem= 5.6% 
 Mesh structure
 Level  1 has          1 grids (       1,       1,       1,)
 Level  2 has          2 grids (       2,       2,       2,)
 Level  3 has          4 grids (       4,       4,       4,)
 Level  4 has          8 grids (       8,       8,       8,)
 Level  5 has         10 grids (      10,      10,      10,)
 Level  6 has         10 grids (      10,      10,      10,)
 Level  7 has         11 grids (      11,      11,      11,)
 Level  8 has         14 grids (      14,      14,      14,)
 Level  9 has         19 grids (      19,      19,      19,)
 Level 10 has         26 grids (      26,      26,      26,)
 Main step=     3 mcons= 0.00E+00 econs= 0.00E+00 epot= 0.00E+00 ekin= 1.38E+00
 Fine step=    48 t= 1.74420E-02 dt= 3.538E-04 a= 1.000E+00 mem= 5.6% 
 Fine step=    49 t= 1.77958E-02 dt= 3.539E-04 a= 1.000E+00 mem= 5.6% 
 Fine step=    50 t= 1.81497E-02 dt= 3.539E-04 a= 1.000E+00 mem= 5.7% 
 Fine step=    51 t= 1.85036E-02 dt= 3.539E-04 a= 1.000E+00 mem= 5.7% 
 Fine step=    52 t= 1.88575E-02 dt= 3.539E-04 a= 1.000E+00 mem= 5.8% 
 Fine step=    53 t= 1.92114E-02 dt= 3.540E-04 a= 1.000E+00 mem= 5.8% 
 Fine step=    54 t= 1.95654E-02 dt= 3.541E-04 a= 1.000E+00 mem= 5.9% 
 Fine step=    55 t= 1.99195E-02 dt= 3.541E-04 a= 1.000E+00 mem= 5.9% 
 Fine step=    56 t= 2.02736E-02 dt= 3.541E-04 a= 1.000E+00 mem= 6.0% 
 Fine step=    57 t= 2.06278E-02 dt= 3.542E-04 a= 1.000E+00 mem= 6.0% 
 Fine step=    58 t= 2.09819E-02 dt= 3.542E-04 a= 1.000E+00 mem= 6.0% 
 Fine step=    59 t= 2.13361E-02 dt= 3.543E-04 a= 1.000E+00 mem= 6.0% 
 Fine step=    60 t= 2.16904E-02 dt= 3.543E-04 a= 1.000E+00 mem= 6.1% 
 Fine step=    61 t= 2.20447E-02 dt= 3.543E-04 a= 1.000E+00 mem= 6.1% 
 Fine step=    62 t= 2.23991E-02 dt= 3.544E-04 a= 1.000E+00 mem= 6.1% 
 Fine step=    63 t= 2.27534E-02 dt= 3.544E-04 a= 1.000E+00 mem= 6.1% 
 Mesh structure
 Level  1 has          1 grids (       1,       1,       1,)
 Level  2 has          2 grids (       2,       2,       2,)
 Level  3 has          4 grids (       4,       4,       4,)
 Level  4 has          8 grids (       8,       8,       8,)
 Level  5 has         10 grids (      10,      10,      10,)
 Level  6 has         11 grids (      11,      11,      11,)
 Level  7 has         13 grids (      13,      13,      13,)
 Level  8 has         16 grids (      16,      16,      16,)
 Level  9 has         24 grids (      24,      24,      24,)
 Level 10 has         28 grids (      28,      28,      28,)
 Main step=     4 mcons= 0.00E+00 econs= 4.33E-08 epot= 0.00E+00 ekin= 1.38E+00
 Fine step=    64 t= 2.31078E-02 dt= 3.544E-04 a= 1.000E+00 mem= 6.3% 
 Fine step=    65 t= 2.34622E-02 dt= 3.545E-04 a= 1.000E+00 mem= 6.3% 
 Fine step=    66 t= 2.38167E-02 dt= 3.545E-04 a= 1.000E+00 mem= 6.3% 
 Fine step=    67 t= 2.41712E-02 dt= 3.545E-04 a= 1.000E+00 mem= 6.3% 
 Fine step=    68 t= 2.45257E-02 dt= 3.545E-04 a= 1.000E+00 mem= 6.4% 
 Fine step=    69 t= 2.48802E-02 dt= 3.545E-04 a= 1.000E+00 mem= 6.4% 
 Fine step=    70 t= 2.52347E-02 dt= 3.546E-04 a= 1.000E+00 mem= 6.4% 
 Fine step=    71 t= 2.55893E-02 dt= 3.546E-04 a= 1.000E+00 mem= 6.4% 
 Fine step=    72 t= 2.59439E-02 dt= 3.546E-04 a= 1.000E+00 mem= 6.6% 
 Fine step=    73 t= 2.62985E-02 dt= 3.546E-04 a= 1.000E+00 mem= 6.6% 
 Fine step=    74 t= 2.66532E-02 dt= 3.546E-04 a= 1.000E+00 mem= 6.6% 
 Fine step=    75 t= 2.70078E-02 dt= 3.547E-04 a= 1.000E+00 mem= 6.6% 
 Fine step=    76 t= 2.73625E-02 dt= 3.547E-04 a= 1.000E+00 mem= 6.7% 
 Fine step=    77 t= 2.77172E-02 dt= 3.547E-04 a= 1.000E+00 mem= 6.7% 
 Fine step=    78 t= 2.80719E-02 dt= 3.547E-04 a= 1.000E+00 mem= 6.7% 
 Fine step=    79 t= 2.84266E-02 dt= 3.547E-04 a= 1.000E+00 mem= 6.7% 
 Mesh structure
 Level  1 has          1 grids (       1,       1,       1,)
 Level  2 has          2 grids (       2,       2,       2,)
 Level  3 has          4 grids (       4,       4,       4,)
 Level  4 has          8 grids (       8,       8,       8,)
 Level  5 has         10 grids (      10,      10,      10,)
 Level  6 has         11 grids (      11,      11,      11,)
 Level  7 has         14 grids (      14,      14,      14,)
 Level  8 has         19 grids (      19,      19,      19,)
 Level  9 has         29 grids (      29,      29,      29,)
 Level 10 has         33 grids (      33,      33,      33,)
 Main step=     5 mcons= 0.00E+00 econs= 0.00E+00 epot= 0.00E+00 ekin= 1.38E+00
 Fine step=    80 t= 2.87813E-02 dt= 3.547E-04 a= 1.000E+00 mem= 6.9% 
 Fine step=    81 t= 2.91361E-02 dt= 3.548E-04 a= 1.000E+00 mem= 6.9% 
 Fine step=    82 t= 2.94908E-02 dt= 3.548E-04 a= 1.000E+00 mem= 6.9% 
 Fine step=    83 t= 2.98456E-02 dt= 3.548E-04 a= 1.000E+00 mem= 6.9% 
 Fine step=    84 t= 3.02004E-02 dt= 3.548E-04 a= 1.000E+00 mem= 6.9% 
 Fine step=    85 t= 3.05552E-02 dt= 3.548E-04 a= 1.000E+00 mem= 6.9% 
 Fine step=    86 t= 3.09101E-02 dt= 3.548E-04 a= 1.000E+00 mem= 6.9% 
 Fine step=    87 t= 3.12649E-02 dt= 3.549E-04 a= 1.000E+00 mem= 6.9% 
 Fine step=    88 t= 3.16198E-02 dt= 3.549E-04 a= 1.000E+00 mem= 7.0% 
 Fine step=    89 t= 3.19747E-02 dt= 3.549E-04 a= 1.000E+00 mem= 7.0% 
 Fine step=    90 t= 3.23296E-02 dt= 3.549E-04 a= 1.000E+00 mem= 7.0% 
 Fine step=    91 t= 3.26845E-02 dt= 3.549E-04 a= 1.000E+00 mem= 7.0% 
 Fine step=    92 t= 3.30394E-02 dt= 3.549E-04 a= 1.000E+00 mem= 7.0% 
 Fine step=    93 t= 3.33943E-02 dt= 3.550E-04 a= 1.000E+00 mem= 7.0% 
 Fine step=    94 t= 3.37493E-02 dt= 3.550E-04 a= 1.000E+00 mem= 6.9% 
 Fine step=    95 t= 3.41043E-02 dt= 3.550E-04 a= 1.000E+00 mem= 6.9% 
 Mesh structure
 Level  1 has          1 grids (       1,       1,       1,)
 Level  2 has          2 grids (       2,       2,       2,)
 Level  3 has          4 grids (       4,       4,       4,)
 Level  4 has          8 grids (       8,       8,       8,)
 Level  5 has         10 grids (      10,      10,      10,)
 Level  6 has         12 grids (      12,      12,      12,)
 Level  7 has         15 grids (      15,      15,      15,)
 Level  8 has         21 grids (      21,      21,      21,)
 Level  9 has         30 grids (      30,      30,      30,)
 Level 10 has         34 grids (      34,      34,      34,)
 Main step=     6 mcons= 0.00E+00 econs= 0.00E+00 epot= 0.00E+00 ekin= 1.38E+00
 Fine step=    96 t= 3.44593E-02 dt= 3.550E-04 a= 1.000E+00 mem= 7.2% 
 Fine step=    97 t= 3.48142E-02 dt= 3.550E-04 a= 1.000E+00 mem= 7.2% 
 Fine step=    98 t= 3.51692E-02 dt= 3.550E-04 a= 1.000E+00 mem= 7.2% 
 Fine step=    99 t= 3.55242E-02 dt= 3.550E-04 a= 1.000E+00 mem= 7.2% 
 Fine step=   100 t= 3.58793E-02 dt= 3.550E-04 a= 1.000E+00 mem= 7.3% 
 Fine step=   101 t= 3.62343E-02 dt= 3.550E-04 a= 1.000E+00 mem= 7.3% 
 Fine step=   102 t= 3.65894E-02 dt= 3.550E-04 a= 1.000E+00 mem= 7.3% 
 Fine step=   103 t= 3.69444E-02 dt= 3.551E-04 a= 1.000E+00 mem= 7.3% 
 Fine step=   104 t= 3.72995E-02 dt= 3.551E-04 a= 1.000E+00 mem= 7.3% 
 Fine step=   105 t= 3.76546E-02 dt= 3.551E-04 a= 1.000E+00 mem= 7.3% 
 Fine step=   106 t= 3.80097E-02 dt= 3.551E-04 a= 1.000E+00 mem= 7.3% 
 Fine step=   107 t= 3.83648E-02 dt= 3.551E-04 a= 1.000E+00 mem= 7.3% 
 Fine step=   108 t= 3.87199E-02 dt= 3.551E-04 a= 1.000E+00 mem= 7.2% 
 Fine step=   109 t= 3.90750E-02 dt= 3.551E-04 a= 1.000E+00 mem= 7.2% 
 Fine step=   110 t= 3.94301E-02 dt= 3.551E-04 a= 1.000E+00 mem= 7.1% 
 Fine step=   111 t= 3.97853E-02 dt= 3.552E-04 a= 1.000E+00 mem= 7.1% 
 Mesh structure
 Level  1 has          1 grids (       1,       1,       1,)
 Level  2 has          2 grids (       2,       2,       2,)
 Level  3 has          4 grids (       4,       4,       4,)
 Level  4 has          8 grids (       8,       8,       8,)
 Level  5 has         11 grids (      11,      11,      11,)
 Level  6 has         13 grids (      13,      13,      13,)
 Level  7 has         16 grids (      16,      16,      16,)
 Level  8 has         22 grids (      22,      22,      22,)
 Level  9 has         33 grids (      33,      33,      33,)
 Level 10 has         28 grids (      28,      28,      28,)
 Main step=     7 mcons= 0.00E+00 econs= 0.00E+00 epot= 0.00E+00 ekin= 1.38E+00
 Fine step=   112 t= 4.01404E-02 dt= 3.552E-04 a= 1.000E+00 mem= 7.4% 
 Fine step=   113 t= 4.04956E-02 dt= 3.552E-04 a= 1.000E+00 mem= 7.4% 
 Fine step=   114 t= 4.08507E-02 dt= 3.552E-04 a= 1.000E+00 mem= 7.4% 
 Fine step=   115 t= 4.12059E-02 dt= 3.552E-04 a= 1.000E+00 mem= 7.4% 
 Fine step=   116 t= 4.15610E-02 dt= 3.552E-04 a= 1.000E+00 mem= 7.1% 
 Fine step=   117 t= 4.19162E-02 dt= 3.552E-04 a= 1.000E+00 mem= 7.1% 
 Fine step=   118 t= 4.22714E-02 dt= 3.552E-04 a= 1.000E+00 mem= 7.0% 
 Fine step=   119 t= 4.26266E-02 dt= 3.552E-04 a= 1.000E+00 mem= 7.0% 
 Fine step=   120 t= 4.29818E-02 dt= 3.552E-04 a= 1.000E+00 mem= 7.0% 
 Fine step=   121 t= 4.33370E-02 dt= 3.552E-04 a= 1.000E+00 mem= 7.0% 
 Fine step=   122 t= 4.36923E-02 dt= 3.552E-04 a= 1.000E+00 mem= 6.6% 
 Fine step=   123 t= 4.40475E-02 dt= 3.552E-04 a= 1.000E+00 mem= 6.6% 
 Fine step=   124 t= 4.44028E-02 dt= 3.552E-04 a= 1.000E+00 mem= 6.7% 
 Fine step=   125 t= 4.47580E-02 dt= 3.553E-04 a= 1.000E+00 mem= 6.7% 
 Fine step=   126 t= 4.51133E-02 dt= 3.553E-04 a= 1.000E+00 mem= 6.7% 
 Fine step=   127 t= 4.54685E-02 dt= 3.553E-04 a= 1.000E+00 mem= 6.7% 
 Mesh structure
 Level  1 has          1 grids (       1,       1,       1,)
 Level  2 has          2 grids (       2,       2,       2,)
 Level  3 has          4 grids (       4,       4,       4,)
 Level  4 has          8 grids (       8,       8,       8,)
 Level  5 has         11 grids (      11,      11,      11,)
 Level  6 has         13 grids (      13,      13,      13,)
 Level  7 has         16 grids (      16,      16,      16,)
 Level  8 has         24 grids (      24,      24,      24,)
 Level  9 has         31 grids (      31,      31,      31,)
 Level 10 has         12 grids (      12,      12,      12,)
 Main step=     8 mcons= 1.06E-07 econs= 4.33E-08 epot= 0.00E+00 ekin= 1.38E+00
 Fine step=   128 t= 4.58238E-02 dt= 3.553E-04 a= 1.000E+00 mem= 6.5% 
 Fine step=   129 t= 4.61791E-02 dt= 3.553E-04 a= 1.000E+00 mem= 6.5% 
 Fine step=   130 t= 4.65344E-02 dt= 3.553E-04 a= 1.000E+00 mem= 6.5% 
 Fine step=   131 t= 4.68897E-02 dt= 3.553E-04 a= 1.000E+00 mem= 6.5% 
 Fine step=   132 t= 4.72450E-02 dt= 3.553E-04 a= 1.000E+00 mem= 6.6% 
 Fine step=   133 t= 4.76003E-02 dt= 3.553E-04 a= 1.000E+00 mem= 6.6% 
 Fine step=   134 t= 4.79556E-02 dt= 3.553E-04 a= 1.000E+00 mem= 6.6% 
 Fine step=   135 t= 4.83110E-02 dt= 3.553E-04 a= 1.000E+00 mem= 6.6% 
 Fine step=   136 t= 4.86663E-02 dt= 3.553E-04 a= 1.000E+00 mem= 6.7% 
 Fine step=   137 t= 4.90216E-02 dt= 3.554E-04 a= 1.000E+00 mem= 6.7% 
 Fine step=   138 t= 4.93770E-02 dt= 3.554E-04 a= 1.000E+00 mem= 6.7% 
 Fine step=   139 t= 4.97323E-02 dt= 3.552E-04 a= 1.000E+00 mem= 6.7% 
 Fine step=   140 t= 5.00875E-02 dt= 3.554E-04 a= 1.000E+00 mem= 6.7% 
 Fine step=   141 t= 5.04429E-02 dt= 3.554E-04 a= 1.000E+00 mem= 6.7% 
 Fine step=   142 t= 5.07983E-02 dt= 3.551E-04 a= 1.000E+00 mem= 6.7% 
 Fine step=   143 t= 5.11534E-02 dt= 3.554E-04 a= 1.000E+00 mem= 6.7% 
 Mesh structure
 Level  1 has          1 grids (       1,       1,       1,)
 Level  2 has          2 grids (       2,       2,       2,)
 Level  3 has          4 grids (       4,       4,       4,)
 Level  4 has          8 grids (       8,       8,       8,)
 Level  5 has         11 grids (      11,      11,      11,)
 Level  6 has         13 grids (      13,      13,      13,)
 Level  7 has         18 grids (      18,      18,      18,)
 Level  8 has         27 grids (      27,      27,      27,)
 Level  9 has         34 grids (      34,      34,      34,)
 Level 10 has         12 grids (      12,      12,      12,)
 Main step=     9 mcons=-1.06E-07 econs= 0.00E+00 epot= 0.00E+00 ekin= 1.38E+00
 Fine step=   144 t= 5.15088E-02 dt= 3.551E-04 a= 1.000E+00 mem= 6.9% 
 Fine step=   145 t= 5.18639E-02 dt= 3.549E-04 a= 1.000E+00 mem= 6.9% 
 Fine step=   146 t= 5.22188E-02 dt= 3.554E-04 a= 1.000E+00 mem= 6.9% 
 Fine step=   147 t= 5.25743E-02 dt= 3.549E-04 a= 1.000E+00 mem= 6.9% 
 Fine step=   148 t= 5.29292E-02 dt= 3.551E-04 a= 1.000E+00 mem= 7.0% 
 Fine step=   149 t= 5.32842E-02 dt= 3.554E-04 a= 1.000E+00 mem= 7.0% 
 Fine step=   150 t= 5.36396E-02 dt= 3.549E-04 a= 1.000E+00 mem= 6.9% 
 Fine step=   151 t= 5.39945E-02 dt= 3.555E-04 a= 1.000E+00 mem= 6.9% 
 Fine step=   152 t= 5.43500E-02 dt= 3.551E-04 a= 1.000E+00 mem= 7.0% 
 Fine step=   153 t= 5.47051E-02 dt= 3.550E-04 a= 1.000E+00 mem= 7.0% 
 Fine step=   154 t= 5.50601E-02 dt= 3.554E-04 a= 1.000E+00 mem= 7.0% 
 Fine step=   155 t= 5.54156E-02 dt= 3.551E-04 a= 1.000E+00 mem= 7.0% 
 Fine step=   156 t= 5.57707E-02 dt= 3.552E-04 a= 1.000E+00 mem= 7.0% 
 Fine step=   157 t= 5.61259E-02 dt= 3.555E-04 a= 1.000E+00 mem= 7.0% 
 Fine step=   158 t= 5.64814E-02 dt= 3.552E-04 a= 1.000E+00 mem= 7.0% 
 Fine step=   159 t= 5.68366E-02 dt= 3.555E-04 a= 1.000E+00 mem= 7.0% 
 Mesh structure
 Level  1 has          1 grids (       1,       1,       1,)
 Level  2 has          2 grids (       2,       2,       2,)
 Level  3 has          4 grids (       4,       4,       4,)
 Level  4 has          8 grids (       8,       8,       8,)
 Level  5 has         11 grids (      11,      11,      11,)
 Level  6 has         14 grids (      14,      14,      14,)
 Level  7 has         19 grids (      19,      19,      19,)
 Level  8 has         28 grids (      28,      28,      28,)
 Level  9 has         35 grids (      35,      35,      35,)
 Level 10 has         12 grids (      12,      12,      12,)
 Main step=    10 mcons= 0.00E+00 econs= 0.00E+00 epot= 0.00E+00 ekin= 1.38E+00
 Fine step=   160 t= 5.71921E-02 dt= 3.555E-04 a= 1.000E+00 mem= 7.2% 
 Fine step=   161 t= 5.75476E-02 dt= 3.554E-04 a= 1.000E+00 mem= 7.2% 
 Fine step=   162 t= 5.79031E-02 dt= 3.556E-04 a= 1.000E+00 mem= 7.1% 
 Fine step=   163 t= 5.82586E-02 dt= 3.556E-04 a= 1.000E+00 mem= 7.1% 
 Fine step=   164 t= 5.86142E-02 dt= 3.556E-04 a= 1.000E+00 mem= 7.2% 
 Fine step=   165 t= 5.89697E-02 dt= 3.556E-04 a= 1.000E+00 mem= 7.2% 
 Fine step=   166 t= 5.93253E-02 dt= 3.556E-04 a= 1.000E+00 mem= 7.2% 
 Fine step=   167 t= 5.96809E-02 dt= 3.556E-04 a= 1.000E+00 mem= 7.2% 
 Fine step=   168 t= 6.00365E-02 dt= 3.556E-04 a= 1.000E+00 mem= 7.2% 
 Fine step=   169 t= 6.03921E-02 dt= 3.556E-04 a= 1.000E+00 mem= 7.2% 
 Fine step=   170 t= 6.07477E-02 dt= 3.556E-04 a= 1.000E+00 mem= 7.2% 
 Fine step=   171 t= 6.11033E-02 dt= 3.556E-04 a= 1.000E+00 mem= 7.2% 
 Fine step=   172 t= 6.14589E-02 dt= 3.556E-04 a= 1.000E+00 mem= 7.3% 
 Fine step=   173 t= 6.18146E-02 dt= 3.556E-04 a= 1.000E+00 mem= 7.3% 
 Fine step=   174 t= 6.21702E-02 dt= 3.557E-04 a= 1.000E+00 mem= 7.3% 
 Fine step=   175 t= 6.25259E-02 dt= 3.557E-04 a= 1.000E+00 mem= 7.3% 
 Mesh structure
 Level  1 has          1 grids (       1,       1,       1,)
 Level  2 has          2 grids (       2,       2,       2,)
 Level  3 has          4 grids (       4,       4,       4,)
 Level  4 has          8 grids (       8,       8,       8,)
 Level  5 has         11 grids (      11,      11,      11,)
 Level  6 has         14 grids (      14,      14,      14,)
 Level  7 has         19 grids (      19,      19,      19,)
 Level  8 has         29 grids (      29,      29,      29,)
 Level  9 has         36 grids (      36,      36,      36,)
 Level 10 has         12 grids (      12,      12,      12,)
 Main step=    11 mcons= 0.00E+00 econs= 0.00E+00 epot= 0.00E+00 ekin= 1.38E+00
 Fine step=   176 t= 6.28815E-02 dt= 3.557E-04 a= 1.000E+00 mem= 7.2% 
 Fine step=   177 t= 6.32372E-02 dt= 3.557E-04 a= 1.000E+00 mem= 7.2% 
 Fine step=   178 t= 6.35929E-02 dt= 3.557E-04 a= 1.000E+00 mem= 7.3% 
 Fine step=   179 t= 6.39485E-02 dt= 3.557E-04 a= 1.000E+00 mem= 7.3% 
 Fine step=   180 t= 6.43042E-02 dt= 3.557E-04 a= 1.000E+00 mem= 7.3% 
 Fine step=   181 t= 6.46599E-02 dt= 3.557E-04 a= 1.000E+00 mem= 7.3% 
 Fine step=   182 t= 6.50156E-02 dt= 3.557E-04 a= 1.000E+00 mem= 7.2% 
 Fine step=   183 t= 6.53713E-02 dt= 3.557E-04 a= 1.000E+00 mem= 7.2% 
 Fine step=   184 t= 6.57270E-02 dt= 3.557E-04 a= 1.000E+00 mem= 7.4% 
 Fine step=   185 t= 6.60828E-02 dt= 3.557E-04 a= 1.000E+00 mem= 7.4% 
 Fine step=   186 t= 6.64385E-02 dt= 3.557E-04 a= 1.000E+00 mem= 7.4% 
 Fine step=   187 t= 6.67942E-02 dt= 3.557E-04 a= 1.000E+00 mem= 7.4% 
 Fine step=   188 t= 6.71499E-02 dt= 3.557E-04 a= 1.000E+00 mem= 7.4% 
 Fine step=   189 t= 6.75057E-02 dt= 3.556E-04 a= 1.000E+00 mem= 7.4% 
 Fine step=   190 t= 6.78613E-02 dt= 3.558E-04 a= 1.000E+00 mem= 7.4% 
 Fine step=   191 t= 6.82171E-02 dt= 3.556E-04 a= 1.000E+00 mem= 7.4% 
 Mesh structure
 Level  1 has          1 grids (       1,       1,       1,)
 Level  2 has          2 grids (       2,       2,       2,)
 Level  3 has          4 grids (       4,       4,       4,)
 Level  4 has          8 grids (       8,       8,       8,)
 Level  5 has         12 grids (      12,      12,      12,)
 Level  6 has         15 grids (      15,      15,      15,)
 Level  7 has         21 grids (      21,      21,      21,)
 Level  8 has         30 grids (      30,      30,      30,)
 Level  9 has         36 grids (      36,      36,      36,)
 Level 10 has         12 grids (      12,      12,      12,)
 Main step=    12 mcons= 0.00E+00 econs= 4.33E-08 epot= 0.00E+00 ekin= 1.38E+00
 Fine step=   192 t= 6.85727E-02 dt= 3.555E-04 a= 1.000E+00 mem= 7.6% 
 Fine step=   193 t= 6.89282E-02 dt= 3.558E-04 a= 1.000E+00 mem= 7.6% 
 Fine step=   194 t= 6.92839E-02 dt= 3.554E-04 a= 1.000E+00 mem= 7.5% 
 Fine step=   195 t= 6.96393E-02 dt= 3.555E-04 a= 1.000E+00 mem= 7.5% 
 Fine step=   196 t= 6.99948E-02 dt= 3.558E-04 a= 1.000E+00 mem= 7.6% 
 Fine step=   197 t= 7.03506E-02 dt= 3.553E-04 a= 1.000E+00 mem= 7.6% 
 Fine step=   198 t= 7.07059E-02 dt= 3.558E-04 a= 1.000E+00 mem= 7.6% 
 Fine step=   199 t= 7.10617E-02 dt= 3.556E-04 a= 1.000E+00 mem= 7.6% 
 Fine step=   200 t= 7.14173E-02 dt= 3.552E-04 a= 1.000E+00 mem= 7.6% 
 Fine step=   201 t= 7.17724E-02 dt= 3.558E-04 a= 1.000E+00 mem= 7.6% 
 Fine step=   202 t= 7.21282E-02 dt= 3.553E-04 a= 1.000E+00 mem= 7.6% 
 Fine step=   203 t= 7.24835E-02 dt= 3.550E-04 a= 1.000E+00 mem= 7.6% 
 Fine step=   204 t= 7.28385E-02 dt= 3.558E-04 a= 1.000E+00 mem= 7.6% 
 Fine step=   205 t= 7.31943E-02 dt= 3.550E-04 a= 1.000E+00 mem= 7.6% 
 Fine step=   206 t= 7.35493E-02 dt= 3.551E-04 a= 1.000E+00 mem= 7.6% 
 Fine step=   207 t= 7.39044E-02 dt= 3.555E-04 a= 1.000E+00 mem= 7.6% 
 Mesh structure
 Level  1 has          1 grids (       1,       1,       1,)
 Level  2 has          2 grids (       2,       2,       2,)
 Level  3 has          4 grids (       4,       4,       4,)
 Level  4 has          8 grids (       8,       8,       8,)
 Level  5 has         13 grids (      13,      13,      13,)
 Level  6 has         16 grids (      16,      16,      16,)
 Level  7 has         22 grids (      22,      22,      22,)
 Level  8 has         32 grids (      32,      32,      32,)
 Level  9 has         38 grids (      38,      38,      38,)
 Level 10 has         12 grids (      12,      12,      12,)
 Main step=    13 mcons=-1.06E-07 econs= 0.00E+00 epot= 0.00E+00 ekin= 1.38E+00
 Fine step=   208 t= 7.42599E-02 dt= 3.550E-04 a= 1.000E+00 mem= 7.9% 
 Fine step=   209 t= 7.46149E-02 dt= 3.556E-04 a= 1.000E+00 mem= 7.9% 
 Fine step=   210 t= 7.49705E-02 dt= 3.552E-04 a= 1.000E+00 mem= 7.8% 
 Fine step=   211 t= 7.53256E-02 dt= 3.550E-04 a= 1.000E+00 mem= 7.8% 
 Fine step=   212 t= 7.56806E-02 dt= 3.555E-04 a= 1.000E+00 mem= 7.8% 
 Fine step=   213 t= 7.60361E-02 dt= 3.551E-04 a= 1.000E+00 mem= 7.8% 
 Fine step=   214 t= 7.63912E-02 dt= 3.551E-04 a= 1.000E+00 mem= 7.8% 
 Fine step=   215 t= 7.67462E-02 dt= 3.555E-04 a= 1.000E+00 mem= 7.8% 
 Fine step=   216 t= 7.71017E-02 dt= 3.551E-04 a= 1.000E+00 mem= 7.9% 
 Fine step=   217 t= 7.74568E-02 dt= 3.554E-04 a= 1.000E+00 mem= 7.9% 
 Fine step=   218 t= 7.78122E-02 dt= 3.555E-04 a= 1.000E+00 mem= 7.9% 
 Fine step=   219 t= 7.81677E-02 dt= 3.554E-04 a= 1.000E+00 mem= 7.9% 
 Fine step=   220 t= 7.85231E-02 dt= 3.557E-04 a= 1.000E+00 mem= 7.8% 
 Fine step=   221 t= 7.88788E-02 dt= 3.556E-04 a= 1.000E+00 mem= 7.8% 
 Fine step=   222 t= 7.92344E-02 dt= 3.556E-04 a= 1.000E+00 mem= 7.7% 
 Fine step=   223 t= 7.95900E-02 dt= 3.558E-04 a= 1.000E+00 mem= 7.7% 
 Mesh structure
 Level  1 has          1 grids (       1,       1,       1,)
 Level  2 has          2 grids (       2,       2,       2,)
 Level  3 has          4 grids (       4,       4,       4,)
 Level  4 has          8 grids (       8,       8,       8,)
 Level  5 has         13 grids (      13,      13,      13,)
 Level  6 has         16 grids (      16,      16,      16,)
 Level  7 has         22 grids (      22,      22,      22,)
 Level  8 has         33 grids (      33,      33,      33,)
 Level  9 has         36 grids (      36,      36,      36,)
 Level 10 has         15 grids (      15,      15,      15,)
 Main step=    14 mcons= 0.00E+00 econs= 0.00E+00 epot= 0.00E+00 ekin= 1.38E+00
 Fine step=   224 t= 7.99458E-02 dt= 3.555E-04 a= 1.000E+00 mem= 7.9% 
 Fine step=   225 t= 8.03013E-02 dt= 3.557E-04 a= 1.000E+00 mem= 7.9% 
 Fine step=   226 t= 8.06570E-02 dt= 3.559E-04 a= 1.000E+00 mem= 7.9% 
 Fine step=   227 t= 8.10129E-02 dt= 3.556E-04 a= 1.000E+00 mem= 7.9% 
 Fine step=   228 t= 8.13685E-02 dt= 3.559E-04 a= 1.000E+00 mem= 7.9% 
 Fine step=   229 t= 8.17244E-02 dt= 3.559E-04 a= 1.000E+00 mem= 7.9% 
 Fine step=   230 t= 8.20803E-02 dt= 3.558E-04 a= 1.000E+00 mem= 7.9% 
 Fine step=   231 t= 8.24360E-02 dt= 3.559E-04 a= 1.000E+00 mem= 7.9% 
 Fine step=   232 t= 8.27919E-02 dt= 3.559E-04 a= 1.000E+00 mem= 8.0% 
 Fine step=   233 t= 8.31478E-02 dt= 3.558E-04 a= 1.000E+00 mem= 8.0% 
 Fine step=   234 t= 8.35037E-02 dt= 3.559E-04 a= 1.000E+00 mem= 8.0% 
 Fine step=   235 t= 8.38596E-02 dt= 3.559E-04 a= 1.000E+00 mem= 8.0% 
 Fine step=   236 t= 8.42155E-02 dt= 3.559E-04 a= 1.000E+00 mem= 7.7% 
 Fine step=   237 t= 8.45713E-02 dt= 3.559E-04 a= 1.000E+00 mem= 7.7% 
 Fine step=   238 t= 8.49272E-02 dt= 3.558E-04 a= 1.000E+00 mem= 7.7% 
 Fine step=   239 t= 8.52831E-02 dt= 3.559E-04 a= 1.000E+00 mem= 7.7% 
 Mesh structure
 Level  1 has          1 grids (       1,       1,       1,)
 Level  2 has          2 grids (       2,       2,       2,)
 Level  3 has          4 grids (       4,       4,       4,)
 Level  4 has          8 grids (       8,       8,       8,)
 Level  5 has         13 grids (      13,      13,      13,)
 Level  6 has         16 grids (      16,      16,      16,)
 Level  7 has         24 grids (      24,      24,      24,)
 Level  8 has         33 grids (      33,      33,      33,)
 Level  9 has         27 grids (      27,      27,      27,)
 Level 10 has         15 grids (      15,      15,      15,)
 Main step=    15 mcons= 0.00E+00 econs= 0.00E+00 epot= 0.00E+00 ekin= 1.38E+00
 Fine step=   240 t= 8.56390E-02 dt= 3.559E-04 a= 1.000E+00 mem= 7.5% 
 Fine step=   241 t= 8.59949E-02 dt= 3.558E-04 a= 1.000E+00 mem= 7.5% 
 Fine step=   242 t= 8.63507E-02 dt= 3.559E-04 a= 1.000E+00 mem= 7.6% 
 Fine step=   243 t= 8.67066E-02 dt= 3.559E-04 a= 1.000E+00 mem= 7.6% 
 Fine step=   244 t= 8.70625E-02 dt= 3.558E-04 a= 1.000E+00 mem= 7.3% 
 Fine step=   245 t= 8.74183E-02 dt= 3.559E-04 a= 1.000E+00 mem= 7.3% 
 Fine step=   246 t= 8.77742E-02 dt= 3.559E-04 a= 1.000E+00 mem= 7.3% 
 Fine step=   247 t= 8.81302E-02 dt= 3.557E-04 a= 1.000E+00 mem= 7.3% 
 Fine step=   248 t= 8.84859E-02 dt= 3.559E-04 a= 1.000E+00 mem= 7.2% 
 Fine step=   249 t= 8.88418E-02 dt= 3.557E-04 a= 1.000E+00 mem= 7.2% 
 Fine step=   250 t= 8.91976E-02 dt= 3.556E-04 a= 1.000E+00 mem= 7.2% 
 Fine step=   251 t= 8.95531E-02 dt= 3.559E-04 a= 1.000E+00 mem= 7.2% 
 Fine step=   252 t= 8.99091E-02 dt= 3.555E-04 a= 1.000E+00 mem= 7.1% 
 Fine step=   253 t= 9.02646E-02 dt= 3.556E-04 a= 1.000E+00 mem= 7.1% 
 Fine step=   254 t= 9.06202E-02 dt= 3.560E-04 a= 1.000E+00 mem= 6.9% 
 Fine step=   255 t= 9.09761E-02 dt= 3.554E-04 a= 1.000E+00 mem= 6.9% 
 Mesh structure
 Level  1 has          1 grids (       1,       1,       1,)
 Level  2 has          2 grids (       2,       2,       2,)
 Level  3 has          4 grids (       4,       4,       4,)
 Level  4 has          8 grids (       8,       8,       8,)
 Level  5 has         13 grids (      13,      13,      13,)
 Level  6 has         17 grids (      17,      17,      17,)
 Level  7 has         25 grids (      25,      25,      25,)
 Level  8 has         34 grids (      34,      34,      34,)
 Level  9 has         17 grids (      17,      17,      17,)
 Level 10 has         13 grids (      13,      13,      13,)
 Main step=    16 mcons= 0.00E+00 econs= 0.00E+00 epot= 0.00E+00 ekin= 1.38E+00
 Fine step=   256 t= 9.13316E-02 dt= 3.559E-04 a= 1.000E+00 mem= 7.1% 
 Fine step=   257 t= 9.16875E-02 dt= 3.557E-04 a= 1.000E+00 mem= 7.1% 
 Fine step=   258 t= 9.20432E-02 dt= 3.553E-04 a= 1.000E+00 mem= 7.1% 
 Fine step=   259 t= 9.23985E-02 dt= 3.560E-04 a= 1.000E+00 mem= 7.1% 
 Fine step=   260 t= 9.27545E-02 dt= 3.554E-04 a= 1.000E+00 mem= 7.0% 
 Fine step=   261 t= 9.31099E-02 dt= 3.552E-04 a= 1.000E+00 mem= 7.0% 
 Fine step=   262 t= 9.34651E-02 dt= 3.559E-04 a= 1.000E+00 mem= 7.0% 
 Fine step=   263 t= 9.38210E-02 dt= 3.552E-04 a= 1.000E+00 mem= 7.0% 
 Fine step=   264 t= 9.41762E-02 dt= 3.552E-04 a= 1.000E+00 mem= 7.0% 
 Fine step=   265 t= 9.45313E-02 dt= 3.557E-04 a= 1.000E+00 mem= 7.0% 
 Fine step=   266 t= 9.48870E-02 dt= 3.551E-04 a= 1.000E+00 mem= 7.0% 
 Fine step=   267 t= 9.52422E-02 dt= 3.555E-04 a= 1.000E+00 mem= 7.0% 
 Fine step=   268 t= 9.55977E-02 dt= 3.554E-04 a= 1.000E+00 mem= 7.0% 
 Fine step=   269 t= 9.59531E-02 dt= 3.550E-04 a= 1.000E+00 mem= 7.0% 
 Fine step=   270 t= 9.63081E-02 dt= 3.558E-04 a= 1.000E+00 mem= 7.0% 
 Fine step=   271 t= 9.66639E-02 dt= 3.551E-04 a= 1.000E+00 mem= 7.0% 
 Mesh structure
 Level  1 has          1 grids (       1,       1,       1,)
 Level  2 has          2 grids (       2,       2,       2,)
 Level  3 has          4 grids (       4,       4,       4,)
 Level  4 has          8 grids (       8,       8,       8,)
 Level  5 has         13 grids (      13,      13,      13,)
 Level  6 has         17 grids (      17,      17,      17,)
 Level  7 has         25 grids (      25,      25,      25,)
 Level  8 has         35 grids (      35,      35,      35,)
 Level  9 has         15 grids (      15,      15,      15,)
 Level 10 has         13 grids (      13,      13,      13,)
 Main step=    17 mcons= 0.00E+00 econs= 0.00E+00 epot= 0.00E+00 ekin= 1.38E+00
 Fine step=   272 t= 9.70190E-02 dt= 3.549E-04 a= 1.000E+00 mem= 7.1% 
 Fine step=   273 t= 9.73739E-02 dt= 3.555E-04 a= 1.000E+00 mem= 7.1% 
 Fine step=   274 t= 9.77294E-02 dt= 3.550E-04 a= 1.000E+00 mem= 7.1% 
 Fine step=   275 t= 9.80844E-02 dt= 3.551E-04 a= 1.000E+00 mem= 7.1% 
 Fine step=   276 t= 9.84395E-02 dt= 3.554E-04 a= 1.000E+00 mem= 7.1% 
 Fine step=   277 t= 9.87949E-02 dt= 3.551E-04 a= 1.000E+00 mem= 7.1% 
 Fine step=   278 t= 9.91500E-02 dt= 3.557E-04 a= 1.000E+00 mem= 7.1% 
 Fine step=   279 t= 9.95057E-02 dt= 3.553E-04 a= 1.000E+00 mem= 7.1% 
 Fine step=   280 t= 9.98610E-02 dt= 3.553E-04 a= 1.000E+00 mem= 7.1% 
 Fine step=   281 t= 1.00216E-01 dt= 3.556E-04 a= 1.000E+00 mem= 7.1% 
 Fine step=   282 t= 1.00572E-01 dt= 3.553E-04 a= 1.000E+00 mem= 7.0% 
 Fine step=   283 t= 1.00927E-01 dt= 3.555E-04 a= 1.000E+00 mem= 7.0% 
 Fine step=   284 t= 1.01283E-01 dt= 3.557E-04 a= 1.000E+00 mem= 7.0% 
 Fine step=   285 t= 1.01638E-01 dt= 3.555E-04 a= 1.000E+00 mem= 7.0% 
 Fine step=   286 t= 1.01994E-01 dt= 3.558E-04 a= 1.000E+00 mem= 7.0% 
 Fine step=   287 t= 1.02350E-01 dt= 3.558E-04 a= 1.000E+00 mem= 7.0% 
 Mesh structure
 Level  1 has          1 grids (       1,       1,       1,)
 Level  2 has          2 grids (       2,       2,       2,)
 Level  3 has          4 grids (       4,       4,       4,)
 Level  4 has          8 grids (       8,       8,       8,)
 Level  5 has         13 grids (      13,      13,      13,)
 Level  6 has         18 grids (      18,      18,      18,)
 Level  7 has         27 grids (      27,      27,      27,)
 Level  8 has         34 grids (      34,      34,      34,)
 Level  9 has         16 grids (      16,      16,      16,)
 Level 10 has         12 grids (      12,      12,      12,)
 Main step=    18 mcons= 1.06E-07 econs=-4.33E-08 epot= 0.00E+00 ekin= 1.38E+00
 Fine step=   288 t= 1.02706E-01 dt= 3.556E-04 a= 1.000E+00 mem= 7.2% 
 Fine step=   289 t= 1.03061E-01 dt= 3.560E-04 a= 1.000E+00 mem= 7.2% 
 Fine step=   290 t= 1.03417E-01 dt= 3.559E-04 a= 1.000E+00 mem= 7.2% 
 Fine step=   291 t= 1.03773E-01 dt= 3.558E-04 a= 1.000E+00 mem= 7.2% 
 Fine step=   292 t= 1.04129E-01 dt= 3.560E-04 a= 1.000E+00 mem= 7.2% 
 Fine step=   293 t= 1.04485E-01 dt= 3.558E-04 a= 1.000E+00 mem= 7.2% 
 Fine step=   294 t= 1.04841E-01 dt= 3.559E-04 a= 1.000E+00 mem= 7.2% 
 Fine step=   295 t= 1.05196E-01 dt= 3.560E-04 a= 1.000E+00 mem= 7.2% 
 Fine step=   296 t= 1.05553E-01 dt= 3.558E-04 a= 1.000E+00 mem= 7.2% 
 Fine step=   297 t= 1.05908E-01 dt= 3.559E-04 a= 1.000E+00 mem= 7.2% 
 Fine step=   298 t= 1.06264E-01 dt= 3.560E-04 a= 1.000E+00 mem= 7.3% 
 Fine step=   299 t= 1.06620E-01 dt= 3.558E-04 a= 1.000E+00 mem= 7.3% 
 Fine step=   300 t= 1.06976E-01 dt= 3.560E-04 a= 1.000E+00 mem= 7.3% 
 Fine step=   301 t= 1.07332E-01 dt= 3.560E-04 a= 1.000E+00 mem= 7.3% 
 Fine step=   302 t= 1.07688E-01 dt= 3.558E-04 a= 1.000E+00 mem= 7.3% 
 Fine step=   303 t= 1.08044E-01 dt= 3.561E-04 a= 1.000E+00 mem= 7.3% 
 Mesh structure
 Level  1 has          1 grids (       1,       1,       1,)
 Level  2 has          2 grids (       2,       2,       2,)
 Level  3 has          4 grids (       4,       4,       4,)
 Level  4 has          8 grids (       8,       8,       8,)
 Level  5 has         13 grids (      13,      13,      13,)
 Level  6 has         18 grids (      18,      18,      18,)
 Level  7 has         27 grids (      27,      27,      27,)
 Level  8 has         35 grids (      35,      35,      35,)
 Level  9 has         16 grids (      16,      16,      16,)
 Level 10 has         12 grids (      12,      12,      12,)
 Main step=    19 mcons= 0.00E+00 econs= 0.00E+00 epot= 0.00E+00 ekin= 1.38E+00
 Fine step=   304 t= 1.08400E-01 dt= 3.560E-04 a= 1.000E+00 mem= 7.3% 
 Fine step=   305 t= 1.08756E-01 dt= 3.559E-04 a= 1.000E+00 mem= 7.3% 
 Fine step=   306 t= 1.09112E-01 dt= 3.561E-04 a= 1.000E+00 mem= 7.2% 
 Fine step=   307 t= 1.09468E-01 dt= 3.558E-04 a= 1.000E+00 mem= 7.2% 
 Fine step=   308 t= 1.09824E-01 dt= 3.557E-04 a= 1.000E+00 mem= 7.3% 
 Fine step=   309 t= 1.10180E-01 dt= 3.561E-04 a= 1.000E+00 mem= 7.3% 
 Fine step=   310 t= 1.10536E-01 dt= 3.557E-04 a= 1.000E+00 mem= 7.3% 
 Fine step=   311 t= 1.10891E-01 dt= 3.557E-04 a= 1.000E+00 mem= 7.3% 
 Fine step=   312 t= 1.11247E-01 dt= 3.561E-04 a= 1.000E+00 mem= 7.2% 
 Fine step=   313 t= 1.11603E-01 dt= 3.556E-04 a= 1.000E+00 mem= 7.2% 
 Fine step=   314 t= 1.11959E-01 dt= 3.561E-04 a= 1.000E+00 mem= 7.2% 
 Fine step=   315 t= 1.12315E-01 dt= 3.559E-04 a= 1.000E+00 mem= 7.2% 
 Fine step=   316 t= 1.12671E-01 dt= 3.556E-04 a= 1.000E+00 mem= 7.3% 
 Fine step=   317 t= 1.13026E-01 dt= 3.561E-04 a= 1.000E+00 mem= 7.3% 
 Fine step=   318 t= 1.13382E-01 dt= 3.557E-04 a= 1.000E+00 mem= 7.3% 
 Fine step=   319 t= 1.13738E-01 dt= 3.554E-04 a= 1.000E+00 mem= 7.3% 
 Mesh structure
 Level  1 has          1 grids (       1,       1,       1,)
 Level  2 has          2 grids (       2,       2,       2,)
 Level  3 has          4 grids (       4,       4,       4,)
 Level  4 has          8 grids (       8,       8,       8,)
 Level  5 has         14 grids (      14,      14,      14,)
 Level  6 has         19 grids (      19,      19,      19,)
 Level  7 has         28 grids (      28,      28,      28,)
 Level  8 has         36 grids (      36,      36,      36,)
 Level  9 has         16 grids (      16,      16,      16,)
 Level 10 has         13 grids (      13,      13,      13,)
 Main step=    20 mcons= 0.00E+00 econs= 4.33E-08 epot= 0.00E+00 ekin= 1.38E+00
 Fine step=   320 t= 1.14093E-01 dt= 3.561E-04 a= 1.000E+00 mem= 7.5% 
 Fine step=   321 t= 1.14449E-01 dt= 3.554E-04 a= 1.000E+00 mem= 7.5% 
 Fine step=   322 t= 1.14805E-01 dt= 3.553E-04 a= 1.000E+00 mem= 7.5% 
 Fine step=   323 t= 1.15160E-01 dt= 3.559E-04 a= 1.000E+00 mem= 7.5% 
 Fine step=   324 t= 1.15516E-01 dt= 3.553E-04 a= 1.000E+00 mem= 7.5% 
 Fine step=   325 t= 1.15871E-01 dt= 3.555E-04 a= 1.000E+00 mem= 7.5% 
 Fine step=   326 t= 1.16227E-01 dt= 3.556E-04 a= 1.000E+00 mem= 7.5% 
 Fine step=   327 t= 1.16583E-01 dt= 3.551E-04 a= 1.000E+00 mem= 7.5% 
 Fine step=   328 t= 1.16938E-01 dt= 3.559E-04 a= 1.000E+00 mem= 7.5% 
 Fine step=   329 t= 1.17294E-01 dt= 3.552E-04 a= 1.000E+00 mem= 7.5% 
 Fine step=   330 t= 1.17649E-01 dt= 3.550E-04 a= 1.000E+00 mem= 7.5% 
 Fine step=   331 t= 1.18004E-01 dt= 3.557E-04 a= 1.000E+00 mem= 7.5% 
 Fine step=   332 t= 1.18360E-01 dt= 3.550E-04 a= 1.000E+00 mem= 7.5% 
 Fine step=   333 t= 1.18715E-01 dt= 3.550E-04 a= 1.000E+00 mem= 7.5% 
 Fine step=   334 t= 1.19070E-01 dt= 3.555E-04 a= 1.000E+00 mem= 7.5% 
 Fine step=   335 t= 1.19425E-01 dt= 3.550E-04 a= 1.000E+00 mem= 7.5% 
 Mesh structure
 Level  1 has          1 grids (       1,       1,       1,)
 Level  2 has          2 grids (       2,       2,       2,)
 Level  3 has          4 grids (       4,       4,       4,)
 Level  4 has          8 grids (       8,       8,       8,)
 Level  5 has         14 grids (      14,      14,      14,)
 Level  6 has         19 grids (      19,      19,      19,)
 Level  7 has         30 grids (      30,      30,      30,)
 Level  8 has         37 grids (      37,      37,      37,)
 Level  9 has         16 grids (      16,      16,      16,)
 Level 10 has         13 grids (      13,      13,      13,)
 Main step=    21 mcons= 0.00E+00 econs= 0.00E+00 epot= 0.00E+00 ekin= 1.38E+00
 Fine step=   336 t= 1.19780E-01 dt= 3.554E-04 a= 1.000E+00 mem= 7.7% 
 Fine step=   337 t= 1.20135E-01 dt= 3.553E-04 a= 1.000E+00 mem= 7.7% 
 Fine step=   338 t= 1.20491E-01 dt= 3.550E-04 a= 1.000E+00 mem= 7.7% 
 Fine step=   339 t= 1.20846E-01 dt= 3.555E-04 a= 1.000E+00 mem= 7.7% 
 Fine step=   340 t= 1.21201E-01 dt= 3.551E-04 a= 1.000E+00 mem= 7.7% 
 Fine step=   341 t= 1.21556E-01 dt= 3.551E-04 a= 1.000E+00 mem= 7.7% 
 Fine step=   342 t= 1.21911E-01 dt= 3.555E-04 a= 1.000E+00 mem= 7.7% 
 Fine step=   343 t= 1.22267E-01 dt= 3.552E-04 a= 1.000E+00 mem= 7.7% 
 Fine step=   344 t= 1.22622E-01 dt= 3.555E-04 a= 1.000E+00 mem= 7.7% 
 Fine step=   345 t= 1.22978E-01 dt= 3.556E-04 a= 1.000E+00 mem= 7.7% 
 Fine step=   346 t= 1.23333E-01 dt= 3.554E-04 a= 1.000E+00 mem= 7.7% 
 Fine step=   347 t= 1.23689E-01 dt= 3.558E-04 a= 1.000E+00 mem= 7.7% 
 Fine step=   348 t= 1.24045E-01 dt= 3.557E-04 a= 1.000E+00 mem= 7.7% 
 Fine step=   349 t= 1.24400E-01 dt= 3.556E-04 a= 1.000E+00 mem= 7.7% 
 Fine step=   350 t= 1.24756E-01 dt= 3.559E-04 a= 1.000E+00 mem= 7.7% 
 Fine step=   351 t= 1.25112E-01 dt= 3.557E-04 a= 1.000E+00 mem= 7.7% 
 Mesh structure
 Level  1 has          1 grids (       1,       1,       1,)
 Level  2 has          2 grids (       2,       2,       2,)
 Level  3 has          4 grids (       4,       4,       4,)
 Level  4 has          8 grids (       8,       8,       8,)
 Level  5 has         14 grids (      14,      14,      14,)
 Level  6 has         19 grids (      19,      19,      19,)
 Level  7 has         29 grids (      29,      29,      29,)
 Level  8 has         37 grids (      37,      37,      37,)
 Level  9 has         17 grids (      17,      17,      17,)
 Level 10 has         12 grids (      12,      12,      12,)
 Main step=    22 mcons= 0.00E+00 econs= 0.00E+00 epot= 0.00E+00 ekin= 1.38E+00
 Fine step=   352 t= 1.25467E-01 dt= 3.558E-04 a= 1.000E+00 mem= 7.7% 
 Fine step=   353 t= 1.25823E-01 dt= 3.560E-04 a= 1.000E+00 mem= 7.7% 
 Fine step=   354 t= 1.26179E-01 dt= 3.557E-04 a= 1.000E+00 mem= 7.7% 
 Fine step=   355 t= 1.26535E-01 dt= 3.559E-04 a= 1.000E+00 mem= 7.7% 
 Fine step=   356 t= 1.26891E-01 dt= 3.560E-04 a= 1.000E+00 mem= 7.6% 
 Fine step=   357 t= 1.27247E-01 dt= 3.557E-04 a= 1.000E+00 mem= 7.6% 
 Fine step=   358 t= 1.27603E-01 dt= 3.560E-04 a= 1.000E+00 mem= 7.6% 
 Fine step=   359 t= 1.27959E-01 dt= 3.560E-04 a= 1.000E+00 mem= 7.6% 
 Fine step=   360 t= 1.28315E-01 dt= 3.559E-04 a= 1.000E+00 mem= 7.7% 
 Fine step=   361 t= 1.28670E-01 dt= 3.561E-04 a= 1.000E+00 mem= 7.7% 
 Fine step=   362 t= 1.29027E-01 dt= 3.560E-04 a= 1.000E+00 mem= 7.7% 
 Fine step=   363 t= 1.29383E-01 dt= 3.559E-04 a= 1.000E+00 mem= 7.7% 
 Fine step=   364 t= 1.29738E-01 dt= 3.561E-04 a= 1.000E+00 mem= 7.7% 
 Fine step=   365 t= 1.30095E-01 dt= 3.559E-04 a= 1.000E+00 mem= 7.7% 
 Fine step=   366 t= 1.30450E-01 dt= 3.558E-04 a= 1.000E+00 mem= 7.7% 
 Fine step=   367 t= 1.30806E-01 dt= 3.561E-04 a= 1.000E+00 mem= 7.7% 
 Mesh structure
 Level  1 has          1 grids (       1,       1,       1,)
 Level  2 has          2 grids (       2,       2,       2,)
 Level  3 has          4 grids (       4,       4,       4,)
 Level  4 has          8 grids (       8,       8,       8,)
 Level  5 has         15 grids (      15,      15,      15,)
 Level  6 has         21 grids (      21,      21,      21,)
 Level  7 has         31 grids (      31,      31,      31,)
 Level  8 has         38 grids (      38,      38,      38,)
 Level  9 has         15 grids (      15,      15,      15,)
 Level 10 has         13 grids (      13,      13,      13,)
 Main step=    23 mcons=-1.06E-07 econs= 0.00E+00 epot= 0.00E+00 ekin= 1.38E+00
 Fine step=   368 t= 1.31162E-01 dt= 3.558E-04 a= 1.000E+00 mem= 8.0% 
 Fine step=   369 t= 1.31518E-01 dt= 3.559E-04 a= 1.000E+00 mem= 8.0% 
 Fine step=   370 t= 1.31874E-01 dt= 3.561E-04 a= 1.000E+00 mem= 7.9% 
 Fine step=   371 t= 1.32230E-01 dt= 3.558E-04 a= 1.000E+00 mem= 7.9% 
 Fine step=   372 t= 1.32586E-01 dt= 3.561E-04 a= 1.000E+00 mem= 7.9% 
 Fine step=   373 t= 1.32942E-01 dt= 3.560E-04 a= 1.000E+00 mem= 7.9% 
 Fine step=   374 t= 1.33298E-01 dt= 3.557E-04 a= 1.000E+00 mem= 7.9% 
 Fine step=   375 t= 1.33654E-01 dt= 3.561E-04 a= 1.000E+00 mem= 7.9% 
 Fine step=   376 t= 1.34010E-01 dt= 3.558E-04 a= 1.000E+00 mem= 8.0% 
 Fine step=   377 t= 1.34366E-01 dt= 3.556E-04 a= 1.000E+00 mem= 8.0% 
 Fine step=   378 t= 1.34721E-01 dt= 3.561E-04 a= 1.000E+00 mem= 8.0% 
 Fine step=   379 t= 1.35077E-01 dt= 3.556E-04 a= 1.000E+00 mem= 8.0% 
 Fine step=   380 t= 1.35433E-01 dt= 3.555E-04 a= 1.000E+00 mem= 8.0% 
 Fine step=   381 t= 1.35788E-01 dt= 3.561E-04 a= 1.000E+00 mem= 8.0% 
 Fine step=   382 t= 1.36145E-01 dt= 3.555E-04 a= 1.000E+00 mem= 7.9% 
 Fine step=   383 t= 1.36500E-01 dt= 3.556E-04 a= 1.000E+00 mem= 7.9% 
 Mesh structure
 Level  1 has          1 grids (       1,       1,       1,)
 Level  2 has          2 grids (       2,       2,       2,)
 Level  3 has          4 grids (       4,       4,       4,)
 Level  4 has          8 grids (       8,       8,       8,)
 Level  5 has         15 grids (      15,      15,      15,)
 Level  6 has         21 grids (      21,      21,      21,)
 Level  7 has         32 grids (      32,      32,      32,)
 Level  8 has         39 grids (      39,      39,      39,)
 Level  9 has         16 grids (      16,      16,      16,)
 Level 10 has         13 grids (      13,      13,      13,)
 Main step=    24 mcons= 0.00E+00 econs= 0.00E+00 epot= 0.00E+00 ekin= 1.38E+00
 Fine step=   384 t= 1.36856E-01 dt= 3.558E-04 a= 1.000E+00 mem= 8.0% 
 Fine step=   385 t= 1.37212E-01 dt= 3.553E-04 a= 1.000E+00 mem= 8.0% 
 Fine step=   386 t= 1.37567E-01 dt= 3.560E-04 a= 1.000E+00 mem= 8.0% 
 Fine step=   387 t= 1.37923E-01 dt= 3.555E-04 a= 1.000E+00 mem= 8.0% 
 Fine step=   388 t= 1.38278E-01 dt= 3.551E-04 a= 1.000E+00 mem= 8.1% 
 Fine step=   389 t= 1.38633E-01 dt= 3.560E-04 a= 1.000E+00 mem= 8.1% 
 Fine step=   390 t= 1.38989E-01 dt= 3.552E-04 a= 1.000E+00 mem= 8.0% 
 Fine step=   391 t= 1.39345E-01 dt= 3.550E-04 a= 1.000E+00 mem= 8.0% 
 Fine step=   392 t= 1.39700E-01 dt= 3.557E-04 a= 1.000E+00 mem= 8.0% 
 Fine step=   393 t= 1.40055E-01 dt= 3.550E-04 a= 1.000E+00 mem= 8.0% 
 Fine step=   394 t= 1.40410E-01 dt= 3.552E-04 a= 1.000E+00 mem= 8.0% 
 Fine step=   395 t= 1.40766E-01 dt= 3.554E-04 a= 1.000E+00 mem= 8.0% 
 Fine step=   396 t= 1.41121E-01 dt= 3.550E-04 a= 1.000E+00 mem= 8.1% 
 Fine step=   397 t= 1.41476E-01 dt= 3.557E-04 a= 1.000E+00 mem= 8.1% 
 Fine step=   398 t= 1.41832E-01 dt= 3.551E-04 a= 1.000E+00 mem= 8.1% 
 Fine step=   399 t= 1.42187E-01 dt= 3.550E-04 a= 1.000E+00 mem= 8.1% 
 Mesh structure
 Level  1 has          1 grids (       1,       1,       1,)
 Level  2 has          2 grids (       2,       2,       2,)
 Level  3 has          4 grids (       4,       4,       4,)
 Level  4 has          8 grids (       8,       8,       8,)
 Level  5 has         15 grids (      15,      15,      15,)
 Level  6 has         21 grids (      21,      21,      21,)
 Level  7 has         31 grids (      31,      31,      31,)
 Level  8 has         40 grids (      40,      40,      40,)
 Level  9 has         17 grids (      17,      17,      17,)
 Level 10 has         13 grids (      13,      13,      13,)
 Main step=    25 mcons=-1.06E-07 econs= 0.00E+00 epot= 0.00E+00 ekin= 1.38E+00
 Fine step=   400 t= 1.42542E-01 dt= 3.555E-04 a= 1.000E+00 mem= 8.1% 
 Fine step=   401 t= 1.42897E-01 dt= 3.550E-04 a= 1.000E+00 mem= 8.1% 
 Fine step=   402 t= 1.43252E-01 dt= 3.551E-04 a= 1.000E+00 mem= 8.1% 
 Fine step=   403 t= 1.43607E-01 dt= 3.555E-04 a= 1.000E+00 mem= 8.1% 
 Fine step=   404 t= 1.43963E-01 dt= 3.551E-04 a= 1.000E+00 mem= 8.0% 
 Fine step=   405 t= 1.44318E-01 dt= 3.556E-04 a= 1.000E+00 mem= 8.0% 
 Fine step=   406 t= 1.44673E-01 dt= 3.555E-04 a= 1.000E+00 mem= 8.0% 
 Fine step=   407 t= 1.45029E-01 dt= 3.554E-04 a= 1.000E+00 mem= 8.0% 
 Fine step=   408 t= 1.45384E-01 dt= 3.557E-04 a= 1.000E+00 mem= 8.1% 
 Fine step=   409 t= 1.45740E-01 dt= 3.555E-04 a= 1.000E+00 mem= 8.1% 
 Fine step=   410 t= 1.46096E-01 dt= 3.556E-04 a= 1.000E+00 mem= 8.1% 
 Fine step=   411 t= 1.46451E-01 dt= 3.558E-04 a= 1.000E+00 mem= 8.1% 
 Fine step=   412 t= 1.46807E-01 dt= 3.556E-04 a= 1.000E+00 mem= 8.1% 
 Fine step=   413 t= 1.47163E-01 dt= 3.558E-04 a= 1.000E+00 mem= 8.1% 
 Fine step=   414 t= 1.47518E-01 dt= 3.560E-04 a= 1.000E+00 mem= 8.0% 
 Fine step=   415 t= 1.47874E-01 dt= 3.556E-04 a= 1.000E+00 mem= 8.0% 
 Mesh structure
 Level  1 has          1 grids (       1,       1,       1,)
 Level  2 has          2 grids (       2,       2,       2,)
 Level  3 has          4 grids (       4,       4,       4,)
 Level  4 has          8 grids (       8,       8,       8,)
 Level  5 has         15 grids (      15,      15,      15,)
 Level  6 has         22 grids (      22,      22,      22,)
 Level  7 has         33 grids (      33,      33,      33,)
 Level  8 has         39 grids (      39,      39,      39,)
 Level  9 has         15 grids (      15,      15,      15,)
 Level 10 has         13 grids (      13,      13,      13,)
 Main step=    26 mcons= 0.00E+00 econs= 4.33E-08 epot= 0.00E+00 ekin= 1.38E+00
 Fine step=   416 t= 1.48230E-01 dt= 3.560E-04 a= 1.000E+00 mem= 8.1% 
 Fine step=   417 t= 1.48586E-01 dt= 3.560E-04 a= 1.000E+00 mem= 8.1% 
 Fine step=   418 t= 1.48942E-01 dt= 3.558E-04 a= 1.000E+00 mem= 8.1% 
 Fine step=   419 t= 1.49298E-01 dt= 3.560E-04 a= 1.000E+00 mem= 8.1% 
 Fine step=   420 t= 1.49654E-01 dt= 3.560E-04 a= 1.000E+00 mem= 8.2% 
 Fine step=   421 t= 1.50010E-01 dt= 3.559E-04 a= 1.000E+00 mem= 8.2% 
 Fine step=   422 t= 1.50366E-01 dt= 3.561E-04 a= 1.000E+00 mem= 8.2% 
 Fine step=   423 t= 1.50722E-01 dt= 3.559E-04 a= 1.000E+00 mem= 8.2% 
 Fine step=   424 t= 1.51078E-01 dt= 3.559E-04 a= 1.000E+00 mem= 8.2% 
 Fine step=   425 t= 1.51434E-01 dt= 3.561E-04 a= 1.000E+00 mem= 8.2% 
 Fine step=   426 t= 1.51790E-01 dt= 3.558E-04 a= 1.000E+00 mem= 8.2% 
 Fine step=   427 t= 1.52145E-01 dt= 3.559E-04 a= 1.000E+00 mem= 8.2% 
 Fine step=   428 t= 1.52501E-01 dt= 3.561E-04 a= 1.000E+00 mem= 8.1% 
 Fine step=   429 t= 1.52857E-01 dt= 3.558E-04 a= 1.000E+00 mem= 8.1% 
 Fine step=   430 t= 1.53213E-01 dt= 3.561E-04 a= 1.000E+00 mem= 8.1% 
 Fine step=   431 t= 1.53569E-01 dt= 3.561E-04 a= 1.000E+00 mem= 8.1% 
 Mesh structure
 Level  1 has          1 grids (       1,       1,       1,)
 Level  2 has          2 grids (       2,       2,       2,)
 Level  3 has          4 grids (       4,       4,       4,)
 Level  4 has          8 grids (       8,       8,       8,)
 Level  5 has         15 grids (      15,      15,      15,)
 Level  6 has         22 grids (      22,      22,      22,)
 Level  7 has         34 grids (      34,      34,      34,)
 Level  8 has         40 grids (      40,      40,      40,)
 Level  9 has         17 grids (      17,      17,      17,)
 Level 10 has         13 grids (      13,      13,      13,)
 Main step=    27 mcons= 0.00E+00 econs= 0.00E+00 epot= 0.00E+00 ekin= 1.38E+00
 Fine step=   432 t= 1.53926E-01 dt= 3.558E-04 a= 1.000E+00 mem= 8.3% 
 Fine step=   433 t= 1.54281E-01 dt= 3.561E-04 a= 1.000E+00 mem= 8.3% 
 Fine step=   434 t= 1.54637E-01 dt= 3.559E-04 a= 1.000E+00 mem= 8.3% 
 Fine step=   435 t= 1.54993E-01 dt= 3.557E-04 a= 1.000E+00 mem= 8.3% 
 Fine step=   436 t= 1.55349E-01 dt= 3.561E-04 a= 1.000E+00 mem= 8.2% 
 Fine step=   437 t= 1.55705E-01 dt= 3.557E-04 a= 1.000E+00 mem= 8.2% 
 Fine step=   438 t= 1.56061E-01 dt= 3.556E-04 a= 1.000E+00 mem= 8.2% 
 Fine step=   439 t= 1.56417E-01 dt= 3.562E-04 a= 1.000E+00 mem= 8.2% 
 Fine step=   440 t= 1.56773E-01 dt= 3.555E-04 a= 1.000E+00 mem= 8.2% 
 Fine step=   441 t= 1.57128E-01 dt= 3.557E-04 a= 1.000E+00 mem= 8.2% 
 Fine step=   442 t= 1.57484E-01 dt= 3.559E-04 a= 1.000E+00 mem= 8.1% 
 Fine step=   443 t= 1.57840E-01 dt= 3.554E-04 a= 1.000E+00 mem= 8.1% 
 Fine step=   444 t= 1.58195E-01 dt= 3.560E-04 a= 1.000E+00 mem= 8.2% 
 Fine step=   445 t= 1.58551E-01 dt= 3.556E-04 a= 1.000E+00 mem= 8.2% 
 Fine step=   446 t= 1.58907E-01 dt= 3.553E-04 a= 1.000E+00 mem= 8.2% 
 Fine step=   447 t= 1.59262E-01 dt= 3.561E-04 a= 1.000E+00 mem= 8.2% 
 Mesh structure
 Level  1 has          1 grids (       1,       1,       1,)
 Level  2 has          2 grids (       2,       2,       2,)
 Level  3 has          4 grids (       4,       4,       4,)
 Level  4 has          8 grids (       8,       8,       8,)
 Level  5 has         15 grids (      15,      15,      15,)
 Level  6 has         22 grids (      22,      22,      22,)
 Level  7 has         33 grids (      33,      33,      33,)
 Level  8 has         37 grids (      37,      37,      37,)
 Level  9 has         16 grids (      16,      16,      16,)
 Level 10 has         12 grids (      12,      12,      12,)
 Main step=    28 mcons= 0.00E+00 econs= 0.00E+00 epot= 0.00E+00 ekin= 1.38E+00
 Fine step=   448 t= 1.59618E-01 dt= 3.553E-04 a= 1.000E+00 mem= 8.0% 
 Fine step=   449 t= 1.59974E-01 dt= 3.551E-04 a= 1.000E+00 mem= 8.0% 
 Fine step=   450 t= 1.60329E-01 dt= 3.559E-04 a= 1.000E+00 mem= 8.0% 
 Fine step=   451 t= 1.60685E-01 dt= 3.551E-04 a= 1.000E+00 mem= 8.0% 
 Fine step=   452 t= 1.61040E-01 dt= 3.552E-04 a= 1.000E+00 mem= 8.1% 
 Fine step=   453 t= 1.61395E-01 dt= 3.556E-04 a= 1.000E+00 mem= 8.1% 
 Fine step=   454 t= 1.61750E-01 dt= 3.550E-04 a= 1.000E+00 mem= 8.1% 
 Fine step=   455 t= 1.62105E-01 dt= 3.556E-04 a= 1.000E+00 mem= 8.1% 
 Fine step=   456 t= 1.62461E-01 dt= 3.552E-04 a= 1.000E+00 mem= 8.2% 
 Fine step=   457 t= 1.62816E-01 dt= 3.550E-04 a= 1.000E+00 mem= 8.2% 
 Fine step=   458 t= 1.63171E-01 dt= 3.556E-04 a= 1.000E+00 mem= 8.2% 
 Fine step=   459 t= 1.63527E-01 dt= 3.550E-04 a= 1.000E+00 mem= 8.2% 
 Fine step=   460 t= 1.63882E-01 dt= 3.550E-04 a= 1.000E+00 mem= 8.1% 
 Fine step=   461 t= 1.64237E-01 dt= 3.554E-04 a= 1.000E+00 mem= 8.1% 
 Fine step=   462 t= 1.64592E-01 dt= 3.550E-04 a= 1.000E+00 mem= 8.1% 
 Fine step=   463 t= 1.64947E-01 dt= 3.553E-04 a= 1.000E+00 mem= 8.1% 
 Mesh structure
 Level  1 has          1 grids (       1,       1,       1,)
 Level  2 has          2 grids (       2,       2,       2,)
 Level  3 has          4 grids (       4,       4,       4,)
 Level  4 has          8 grids (       8,       8,       8,)
 Level  5 has         15 grids (      15,      15,      15,)
 Level  6 has         23 grids (      23,      23,      23,)
 Level  7 has         34 grids (      34,      34,      34,)
 Level  8 has         36 grids (      36,      36,      36,)
 Level  9 has         18 grids (      18,      18,      18,)
 Level 10 has         13 grids (      13,      13,      13,)
 Main step=    29 mcons= 0.00E+00 econs= 4.33E-08 epot= 0.00E+00 ekin= 1.38E+00
 Fine step=   464 t= 1.65303E-01 dt= 3.554E-04 a= 1.000E+00 mem= 8.2% 
 Fine step=   465 t= 1.65658E-01 dt= 3.552E-04 a= 1.000E+00 mem= 8.2% 
 Fine step=   466 t= 1.66013E-01 dt= 3.556E-04 a= 1.000E+00 mem= 8.2% 
 Fine step=   467 t= 1.66369E-01 dt= 3.554E-04 a= 1.000E+00 mem= 8.2% 
 Fine step=   468 t= 1.66724E-01 dt= 3.555E-04 a= 1.000E+00 mem= 8.2% 
 Fine step=   469 t= 1.67079E-01 dt= 3.557E-04 a= 1.000E+00 mem= 8.2% 
 Fine step=   470 t= 1.67435E-01 dt= 3.555E-04 a= 1.000E+00 mem= 8.1% 
 Fine step=   471 t= 1.67791E-01 dt= 3.556E-04 a= 1.000E+00 mem= 8.1% 
 Fine step=   472 t= 1.68146E-01 dt= 3.559E-04 a= 1.000E+00 mem= 7.8% 
 Fine step=   473 t= 1.68502E-01 dt= 3.556E-04 a= 1.000E+00 mem= 7.8% 
 Fine step=   474 t= 1.68858E-01 dt= 3.559E-04 a= 1.000E+00 mem= 7.8% 
 Fine step=   475 t= 1.69214E-01 dt= 3.559E-04 a= 1.000E+00 mem= 7.8% 
 Fine step=   476 t= 1.69570E-01 dt= 3.557E-04 a= 1.000E+00 mem= 7.8% 
 Fine step=   477 t= 1.69925E-01 dt= 3.560E-04 a= 1.000E+00 mem= 7.8% 
 Fine step=   478 t= 1.70281E-01 dt= 3.559E-04 a= 1.000E+00 mem= 7.8% 
 Fine step=   479 t= 1.70637E-01 dt= 3.559E-04 a= 1.000E+00 mem= 7.8% 
 Mesh structure
 Level  1 has          1 grids (       1,       1,       1,)
 Level  2 has          2 grids (       2,       2,       2,)
 Level  3 has          4 grids (       4,       4,       4,)
 Level  4 has          8 grids (       8,       8,       8,)
 Level  5 has         15 grids (      15,      15,      15,)
 Level  6 has         23 grids (      23,      23,      23,)
 Level  7 has         34 grids (      34,      34,      34,)
 Level  8 has         27 grids (      27,      27,      27,)
 Level  9 has         16 grids (      16,      16,      16,)
 Level 10 has         13 grids (      13,      13,      13,)
 Main step=    30 mcons= 1.06E-07 econs= 4.33E-08 epot= 0.00E+00 ekin= 1.38E+00
 Fine step=   480 t= 1.70993E-01 dt= 3.561E-04 a= 1.000E+00 mem= 7.6% 
 Fine step=   481 t= 1.71349E-01 dt= 3.558E-04 a= 1.000E+00 mem= 7.6% 
 Fine step=   482 t= 1.71705E-01 dt= 3.559E-04 a= 1.000E+00 mem= 7.6% 
 Fine step=   483 t= 1.72061E-01 dt= 3.561E-04 a= 1.000E+00 mem= 7.6% 
 Fine step=   484 t= 1.72417E-01 dt= 3.558E-04 a= 1.000E+00 mem= 7.6% 
 Fine step=   485 t= 1.72773E-01 dt= 3.560E-04 a= 1.000E+00 mem= 7.6% 
 Fine step=   486 t= 1.73129E-01 dt= 3.561E-04 a= 1.000E+00 mem= 7.6% 
 Fine step=   487 t= 1.73485E-01 dt= 3.559E-04 a= 1.000E+00 mem= 7.6% 
 Fine step=   488 t= 1.73841E-01 dt= 3.561E-04 a= 1.000E+00 mem= 7.5% 
 Fine step=   489 t= 1.74197E-01 dt= 3.561E-04 a= 1.000E+00 mem= 7.5% 
 Fine step=   490 t= 1.74553E-01 dt= 3.559E-04 a= 1.000E+00 mem= 7.5% 
 Fine step=   491 t= 1.74909E-01 dt= 3.561E-04 a= 1.000E+00 mem= 7.5% 
 Fine step=   492 t= 1.75265E-01 dt= 3.560E-04 a= 1.000E+00 mem= 7.5% 
 Fine step=   493 t= 1.75621E-01 dt= 3.558E-04 a= 1.000E+00 mem= 7.5% 
 Fine step=   494 t= 1.75977E-01 dt= 3.561E-04 a= 1.000E+00 mem= 7.5% 
 Fine step=   495 t= 1.76333E-01 dt= 3.558E-04 a= 1.000E+00 mem= 7.5% 
 Mesh structure
 Level  1 has          1 grids (       1,       1,       1,)
 Level  2 has          2 grids (       2,       2,       2,)
 Level  3 has          4 grids (       4,       4,       4,)
 Level  4 has          8 grids (       8,       8,       8,)
 Level  5 has         15 grids (      15,      15,      15,)
 Level  6 has         24 grids (      24,      24,      24,)
 Level  7 has         34 grids (      34,      34,      34,)
 Level  8 has         24 grids (      24,      24,      24,)
 Level  9 has         17 grids (      17,      17,      17,)
 Level 10 has         13 grids (      13,      13,      13,)
 Main step=    31 mcons= 0.00E+00 econs= 4.33E-08 epot= 0.00E+00 ekin= 1.38E+00
 Fine step=   496 t= 1.76689E-01 dt= 3.557E-04 a= 1.000E+00 mem= 7.6% 
 Fine step=   497 t= 1.77044E-01 dt= 3.561E-04 a= 1.000E+00 mem= 7.6% 
 Fine step=   498 t= 1.77400E-01 dt= 3.556E-04 a= 1.000E+00 mem= 7.6% 
 Fine step=   499 t= 1.77756E-01 dt= 3.558E-04 a= 1.000E+00 mem= 7.6% 
 Fine step=   500 t= 1.78112E-01 dt= 3.561E-04 a= 1.000E+00 mem= 7.6% 
 Fine step=   501 t= 1.78468E-01 dt= 3.556E-04 a= 1.000E+00 mem= 7.6% 
 Fine step=   502 t= 1.78823E-01 dt= 3.561E-04 a= 1.000E+00 mem= 7.5% 
 Fine step=   503 t= 1.79180E-01 dt= 3.558E-04 a= 1.000E+00 mem= 7.5% 
 Fine step=   504 t= 1.79535E-01 dt= 3.555E-04 a= 1.000E+00 mem= 7.4% 
 Fine step=   505 t= 1.79891E-01 dt= 3.562E-04 a= 1.000E+00 mem= 7.4% 
 Fine step=   506 t= 1.80247E-01 dt= 3.555E-04 a= 1.000E+00 mem= 7.4% 
 Fine step=   507 t= 1.80602E-01 dt= 3.553E-04 a= 1.000E+00 mem= 7.4% 
 Fine step=   508 t= 1.80958E-01 dt= 3.560E-04 a= 1.000E+00 mem= 7.5% 
 Fine step=   509 t= 1.81314E-01 dt= 3.553E-04 a= 1.000E+00 mem= 7.5% 
 Fine step=   510 t= 1.81669E-01 dt= 3.553E-04 a= 1.000E+00 mem= 7.5% 
 Fine step=   511 t= 1.82024E-01 dt= 3.558E-04 a= 1.000E+00 mem= 7.5% 
 Mesh structure
 Level  1 has          1 grids (       1,       1,       1,)
 Level  2 has          2 grids (       2,       2,       2,)
 Level  3 has          4 grids (       4,       4,       4,)
 Level  4 has          8 grids (       8,       8,       8,)
 Level  5 has         15 grids (      15,      15,      15,)
 Level  6 has         25 grids (      25,      25,      25,)
 Level  7 has         34 grids (      34,      34,      34,)
 Level  8 has         18 grids (      18,      18,      18,)
 Level  9 has         15 grids (      15,      15,      15,)
 Level 10 has         13 grids (      13,      13,      13,)
 Main step=    32 mcons= 0.00E+00 econs= 4.33E-08 epot= 0.00E+00 ekin= 1.38E+00
 Fine step=   512 t= 1.82380E-01 dt= 3.552E-04 a= 1.000E+00 mem= 7.5% 
 Fine step=   513 t= 1.82735E-01 dt= 3.556E-04 a= 1.000E+00 mem= 7.5% 
 Fine step=   514 t= 1.83091E-01 dt= 3.554E-04 a= 1.000E+00 mem= 7.3% 
 Fine step=   515 t= 1.83446E-01 dt= 3.550E-04 a= 1.000E+00 mem= 7.3% 
 Fine step=   516 t= 1.83801E-01 dt= 3.558E-04 a= 1.000E+00 mem= 7.3% 
 Fine step=   517 t= 1.84157E-01 dt= 3.551E-04 a= 1.000E+00 mem= 7.3% 
 Fine step=   518 t= 1.84512E-01 dt= 3.549E-04 a= 1.000E+00 mem= 7.3% 
 Fine step=   519 t= 1.84867E-01 dt= 3.556E-04 a= 1.000E+00 mem= 7.3% 
 Fine step=   520 t= 1.85223E-01 dt= 3.549E-04 a= 1.000E+00 mem= 7.4% 
 Fine step=   521 t= 1.85577E-01 dt= 3.551E-04 a= 1.000E+00 mem= 7.4% 
 Fine step=   522 t= 1.85933E-01 dt= 3.554E-04 a= 1.000E+00 mem= 7.4% 
 Fine step=   523 t= 1.86288E-01 dt= 3.550E-04 a= 1.000E+00 mem= 7.4% 
 Fine step=   524 t= 1.86643E-01 dt= 3.556E-04 a= 1.000E+00 mem= 7.2% 
 Fine step=   525 t= 1.86999E-01 dt= 3.552E-04 a= 1.000E+00 mem= 7.2% 
 Fine step=   526 t= 1.87354E-01 dt= 3.552E-04 a= 1.000E+00 mem= 7.2% 
 Fine step=   527 t= 1.87709E-01 dt= 3.555E-04 a= 1.000E+00 mem= 7.2% 
 Mesh structure
 Level  1 has          1 grids (       1,       1,       1,)
 Level  2 has          2 grids (       2,       2,       2,)
 Level  3 has          4 grids (       4,       4,       4,)
 Level  4 has          8 grids (       8,       8,       8,)
 Level  5 has         15 grids (      15,      15,      15,)
 Level  6 has         25 grids (      25,      25,      25,)
 Level  7 has         36 grids (      36,      36,      36,)
 Level  8 has         17 grids (      17,      17,      17,)
 Level  9 has         16 grids (      16,      16,      16,)
 Level 10 has         13 grids (      13,      13,      13,)
 Main step=    33 mcons= 0.00E+00 econs= 4.33E-08 epot= 0.00E+00 ekin= 1.38E+00
 Fine step=   528 t= 1.88064E-01 dt= 3.552E-04 a= 1.000E+00 mem= 7.3% 
 Fine step=   529 t= 1.88420E-01 dt= 3.554E-04 a= 1.000E+00 mem= 7.3% 
 Fine step=   530 t= 1.88775E-01 dt= 3.557E-04 a= 1.000E+00 mem= 7.3% 
 Fine step=   531 t= 1.89131E-01 dt= 3.554E-04 a= 1.000E+00 mem= 7.3% 
 Fine step=   532 t= 1.89486E-01 dt= 3.557E-04 a= 1.000E+00 mem= 7.3% 
 Fine step=   533 t= 1.89842E-01 dt= 3.558E-04 a= 1.000E+00 mem= 7.3% 
 Fine step=   534 t= 1.90198E-01 dt= 3.556E-04 a= 1.000E+00 mem= 7.3% 
 Fine step=   535 t= 1.90553E-01 dt= 3.559E-04 a= 1.000E+00 mem= 7.3% 
 Fine step=   536 t= 1.90909E-01 dt= 3.558E-04 a= 1.000E+00 mem= 7.3% 
 Fine step=   537 t= 1.91265E-01 dt= 3.558E-04 a= 1.000E+00 mem= 7.3% 
 Fine step=   538 t= 1.91621E-01 dt= 3.560E-04 a= 1.000E+00 mem= 7.3% 
 Fine step=   539 t= 1.91977E-01 dt= 3.558E-04 a= 1.000E+00 mem= 7.3% 
 Fine step=   540 t= 1.92332E-01 dt= 3.559E-04 a= 1.000E+00 mem= 7.4% 
 Fine step=   541 t= 1.92688E-01 dt= 3.560E-04 a= 1.000E+00 mem= 7.4% 
 Fine step=   542 t= 1.93044E-01 dt= 3.558E-04 a= 1.000E+00 mem= 7.4% 
 Fine step=   543 t= 1.93400E-01 dt= 3.560E-04 a= 1.000E+00 mem= 7.4% 
 Mesh structure
 Level  1 has          1 grids (       1,       1,       1,)
 Level  2 has          2 grids (       2,       2,       2,)
 Level  3 has          4 grids (       4,       4,       4,)
 Level  4 has          8 grids (       8,       8,       8,)
 Level  5 has         15 grids (      15,      15,      15,)
 Level  6 has         25 grids (      25,      25,      25,)
 Level  7 has         35 grids (      35,      35,      35,)
 Level  8 has         18 grids (      18,      18,      18,)
 Level  9 has         16 grids (      16,      16,      16,)
 Level 10 has         14 grids (      14,      14,      14,)
 Main step=    34 mcons= 0.00E+00 econs= 4.33E-08 epot= 0.00E+00 ekin= 1.38E+00
 Fine step=   544 t= 1.93756E-01 dt= 3.561E-04 a= 1.000E+00 mem= 7.3% 
 Fine step=   545 t= 1.94112E-01 dt= 3.559E-04 a= 1.000E+00 mem= 7.3% 
 Fine step=   546 t= 1.94468E-01 dt= 3.561E-04 a= 1.000E+00 mem= 7.3% 
 Fine step=   547 t= 1.94824E-01 dt= 3.561E-04 a= 1.000E+00 mem= 7.3% 
 Fine step=   548 t= 1.95180E-01 dt= 3.559E-04 a= 1.000E+00 mem= 7.3% 
 Fine step=   549 t= 1.95536E-01 dt= 3.561E-04 a= 1.000E+00 mem= 7.3% 
 Fine step=   550 t= 1.95892E-01 dt= 3.560E-04 a= 1.000E+00 mem= 7.2% 
 Fine step=   551 t= 1.96248E-01 dt= 3.559E-04 a= 1.000E+00 mem= 7.2% 
 Fine step=   552 t= 1.96604E-01 dt= 3.561E-04 a= 1.000E+00 mem= 7.3% 
 Fine step=   553 t= 1.96960E-01 dt= 3.559E-04 a= 1.000E+00 mem= 7.3% 
 Fine step=   554 t= 1.97316E-01 dt= 3.558E-04 a= 1.000E+00 mem= 7.3% 
 Fine step=   555 t= 1.97672E-01 dt= 3.561E-04 a= 1.000E+00 mem= 7.3% 
 Fine step=   556 t= 1.98028E-01 dt= 3.557E-04 a= 1.000E+00 mem= 7.2% 
 Fine step=   557 t= 1.98384E-01 dt= 3.558E-04 a= 1.000E+00 mem= 7.2% 
 Fine step=   558 t= 1.98739E-01 dt= 3.561E-04 a= 1.000E+00 mem= 7.2% 
 Fine step=   559 t= 1.99096E-01 dt= 3.556E-04 a= 1.000E+00 mem= 7.2% 
 Mesh structure
 Level  1 has          1 grids (       1,       1,       1,)
 Level  2 has          2 grids (       2,       2,       2,)
 Level  3 has          4 grids (       4,       4,       4,)
 Level  4 has          8 grids (       8,       8,       8,)
 Level  5 has         15 grids (      15,      15,      15,)
 Level  6 has         26 grids (      26,      26,      26,)
 Level  7 has         35 grids (      35,      35,      35,)
 Level  8 has         18 grids (      18,      18,      18,)
 Level  9 has         15 grids (      15,      15,      15,)
 Level 10 has         13 grids (      13,      13,      13,)
 Main step=    35 mcons= 0.00E+00 econs= 0.00E+00 epot= 0.00E+00 ekin= 1.38E+00
 Fine step=   560 t= 1.99451E-01 dt= 3.562E-04 a= 1.000E+00 mem= 7.4% 
 Fine step=   561 t= 1.99807E-01 dt= 3.559E-04 a= 1.000E+00 mem= 7.4% 
 Fine step=   562 t= 2.00163E-01 dt= 3.556E-04 a= 1.000E+00 mem= 7.4% 
 Fine step=   563 t= 2.00519E-01 dt= 3.562E-04 a= 1.000E+00 mem= 7.4% 
 Fine step=   564 t= 2.00875E-01 dt= 3.556E-04 a= 1.000E+00 mem= 7.5% 
 Fine step=   565 t= 2.01231E-01 dt= 3.554E-04 a= 1.000E+00 mem= 7.5% 
 Fine step=   566 t= 2.01586E-01 dt= 3.561E-04 a= 1.000E+00 mem= 7.5% 
 Fine step=   567 t= 2.01942E-01 dt= 3.554E-04 a= 1.000E+00 mem= 7.5% 
 Fine step=   568 t= 2.02298E-01 dt= 3.553E-04 a= 1.000E+00 mem= 7.3% 
 Fine step=   569 t= 2.02653E-01 dt= 3.559E-04 a= 1.000E+00 mem= 7.3% 
 Fine step=   570 t= 2.03009E-01 dt= 3.553E-04 a= 1.000E+00 mem= 7.3% 
 Fine step=   571 t= 2.03364E-01 dt= 3.556E-04 a= 1.000E+00 mem= 7.3% 
 Fine step=   572 t= 2.03720E-01 dt= 3.556E-04 a= 1.000E+00 mem= 7.3% 
 Fine step=   573 t= 2.04075E-01 dt= 3.551E-04 a= 1.000E+00 mem= 7.3% 
 Fine step=   574 t= 2.04430E-01 dt= 3.560E-04 a= 1.000E+00 mem= 7.3% 
 Fine step=   575 t= 2.04786E-01 dt= 3.552E-04 a= 1.000E+00 mem= 7.3% 
 Mesh structure
 Level  1 has          1 grids (       1,       1,       1,)
 Level  2 has          2 grids (       2,       2,       2,)
 Level  3 has          4 grids (       4,       4,       4,)
 Level  4 has          8 grids (       8,       8,       8,)
 Level  5 has         16 grids (      16,      16,      16,)
 Level  6 has         27 grids (      27,      27,      27,)
 Level  7 has         37 grids (      37,      37,      37,)
 Level  8 has         17 grids (      17,      17,      17,)
 Level  9 has         17 grids (      17,      17,      17,)
 Level 10 has         13 grids (      13,      13,      13,)
 Main step=    36 mcons= 0.00E+00 econs= 0.00E+00 epot= 0.00E+00 ekin= 1.38E+00
 Fine step=   576 t= 2.05142E-01 dt= 3.550E-04 a= 1.000E+00 mem= 7.7% 
 Fine step=   577 t= 2.05496E-01 dt= 3.557E-04 a= 1.000E+00 mem= 7.7% 
 Fine step=   578 t= 2.05852E-01 dt= 3.550E-04 a= 1.000E+00 mem= 7.7% 
 Fine step=   579 t= 2.06207E-01 dt= 3.550E-04 a= 1.000E+00 mem= 7.7% 
 Fine step=   580 t= 2.06562E-01 dt= 3.554E-04 a= 1.000E+00 mem= 7.6% 
 Fine step=   581 t= 2.06918E-01 dt= 3.550E-04 a= 1.000E+00 mem= 7.6% 
 Fine step=   582 t= 2.07273E-01 dt= 3.555E-04 a= 1.000E+00 mem= 7.6% 
 Fine step=   583 t= 2.07628E-01 dt= 3.552E-04 a= 1.000E+00 mem= 7.6% 
 Fine step=   584 t= 2.07983E-01 dt= 3.550E-04 a= 1.000E+00 mem= 7.7% 
 Fine step=   585 t= 2.08338E-01 dt= 3.555E-04 a= 1.000E+00 mem= 7.7% 
 Fine step=   586 t= 2.08694E-01 dt= 3.551E-04 a= 1.000E+00 mem= 7.7% 
 Fine step=   587 t= 2.09049E-01 dt= 3.552E-04 a= 1.000E+00 mem= 7.7% 
 Fine step=   588 t= 2.09404E-01 dt= 3.555E-04 a= 1.000E+00 mem= 7.7% 
 Fine step=   589 t= 2.09760E-01 dt= 3.552E-04 a= 1.000E+00 mem= 7.7% 
 Fine step=   590 t= 2.10115E-01 dt= 3.556E-04 a= 1.000E+00 mem= 7.7% 
 Fine step=   591 t= 2.10471E-01 dt= 3.556E-04 a= 1.000E+00 mem= 7.7% 
 Mesh structure
 Level  1 has          1 grids (       1,       1,       1,)
 Level  2 has          2 grids (       2,       2,       2,)
 Level  3 has          4 grids (       4,       4,       4,)
 Level  4 has          8 grids (       8,       8,       8,)
 Level  5 has         16 grids (      16,      16,      16,)
 Level  6 has         27 grids (      27,      27,      27,)
 Level  7 has         35 grids (      35,      35,      35,)
 Level  8 has         17 grids (      17,      17,      17,)
 Level  9 has         15 grids (      15,      15,      15,)
 Level 10 has         13 grids (      13,      13,      13,)
 Main step=    37 mcons= 1.06E-07 econs= 0.00E+00 epot= 0.00E+00 ekin= 1.38E+00
 Fine step=   592 t= 2.10826E-01 dt= 3.555E-04 a= 1.000E+00 mem= 7.5% 
 Fine step=   593 t= 2.11182E-01 dt= 3.558E-04 a= 1.000E+00 mem= 7.5% 
 Fine step=   594 t= 2.11538E-01 dt= 3.557E-04 a= 1.000E+00 mem= 7.5% 
 Fine step=   595 t= 2.11893E-01 dt= 3.557E-04 a= 1.000E+00 mem= 7.5% 
 Fine step=   596 t= 2.12249E-01 dt= 3.559E-04 a= 1.000E+00 mem= 7.5% 
 Fine step=   597 t= 2.12605E-01 dt= 3.557E-04 a= 1.000E+00 mem= 7.5% 
 Fine step=   598 t= 2.12961E-01 dt= 3.558E-04 a= 1.000E+00 mem= 7.5% 
 Fine step=   599 t= 2.13316E-01 dt= 3.560E-04 a= 1.000E+00 mem= 7.5% 
 Fine step=   600 t= 2.13672E-01 dt= 3.558E-04 a= 1.000E+00 mem= 7.6% 
 Fine step=   601 t= 2.14028E-01 dt= 3.559E-04 a= 1.000E+00 mem= 7.6% 
 Fine step=   602 t= 2.14384E-01 dt= 3.560E-04 a= 1.000E+00 mem= 7.6% 
 Fine step=   603 t= 2.14740E-01 dt= 3.558E-04 a= 1.000E+00 mem= 7.6% 
 Fine step=   604 t= 2.15096E-01 dt= 3.561E-04 a= 1.000E+00 mem= 7.5% 
 Fine step=   605 t= 2.15452E-01 dt= 3.561E-04 a= 1.000E+00 mem= 7.5% 
 Fine step=   606 t= 2.15808E-01 dt= 3.559E-04 a= 1.000E+00 mem= 7.5% 
 Fine step=   607 t= 2.16164E-01 dt= 3.561E-04 a= 1.000E+00 mem= 7.5% 
 Mesh structure
 Level  1 has          1 grids (       1,       1,       1,)
 Level  2 has          2 grids (       2,       2,       2,)
 Level  3 has          4 grids (       4,       4,       4,)
 Level  4 has          8 grids (       8,       8,       8,)
 Level  5 has         16 grids (      16,      16,      16,)
 Level  6 has         27 grids (      27,      27,      27,)
 Level  7 has         37 grids (      37,      37,      37,)
 Level  8 has         18 grids (      18,      18,      18,)
 Level  9 has         17 grids (      17,      17,      17,)
 Level 10 has         13 grids (      13,      13,      13,)
 Main step=    38 mcons= 0.00E+00 econs= 0.00E+00 epot= 0.00E+00 ekin= 1.38E+00
 Fine step=   608 t= 2.16520E-01 dt= 3.560E-04 a= 1.000E+00 mem= 7.8% 
 Fine step=   609 t= 2.16876E-01 dt= 3.559E-04 a= 1.000E+00 mem= 7.8% 
 Fine step=   610 t= 2.17232E-01 dt= 3.561E-04 a= 1.000E+00 mem= 7.7% 
 Fine step=   611 t= 2.17588E-01 dt= 3.559E-04 a= 1.000E+00 mem= 7.7% 
 Fine step=   612 t= 2.17944E-01 dt= 3.558E-04 a= 1.000E+00 mem= 7.7% 
 Fine step=   613 t= 2.18300E-01 dt= 3.561E-04 a= 1.000E+00 mem= 7.7% 
 Fine step=   614 t= 2.18656E-01 dt= 3.557E-04 a= 1.000E+00 mem= 7.7% 
 Fine step=   615 t= 2.19012E-01 dt= 3.559E-04 a= 1.000E+00 mem= 7.7% 
 Fine step=   616 t= 2.19368E-01 dt= 3.561E-04 a= 1.000E+00 mem= 7.6% 
 Fine step=   617 t= 2.19724E-01 dt= 3.557E-04 a= 1.000E+00 mem= 7.6% 
 Fine step=   618 t= 2.20079E-01 dt= 3.561E-04 a= 1.000E+00 mem= 7.6% 
 Fine step=   619 t= 2.20436E-01 dt= 3.560E-04 a= 1.000E+00 mem= 7.6% 
 Fine step=   620 t= 2.20792E-01 dt= 3.557E-04 a= 1.000E+00 mem= 7.7% 
 Fine step=   621 t= 2.21147E-01 dt= 3.562E-04 a= 1.000E+00 mem= 7.7% 
 Fine step=   622 t= 2.21503E-01 dt= 3.557E-04 a= 1.000E+00 mem= 7.7% 
 Fine step=   623 t= 2.21859E-01 dt= 3.555E-04 a= 1.000E+00 mem= 7.7% 
 Mesh structure
 Level  1 has          1 grids (       1,       1,       1,)
 Level  2 has          2 grids (       2,       2,       2,)
 Level  3 has          4 grids (       4,       4,       4,)
 Level  4 has          8 grids (       8,       8,       8,)
 Level  5 has         16 grids (      16,      16,      16,)
 Level  6 has         27 grids (      27,      27,      27,)
 Level  7 has         37 grids (      37,      37,      37,)
 Level  8 has         18 grids (      18,      18,      18,)
 Level  9 has         16 grids (      16,      16,      16,)
 Level 10 has         13 grids (      13,      13,      13,)
 Main step=    39 mcons= 0.00E+00 econs= 4.33E-08 epot= 0.00E+00 ekin= 1.38E+00
 Fine step=   624 t= 2.22215E-01 dt= 3.562E-04 a= 1.000E+00 mem= 7.7% 
 Fine step=   625 t= 2.22571E-01 dt= 3.555E-04 a= 1.000E+00 mem= 7.7% 
 Fine step=   626 t= 2.22926E-01 dt= 3.554E-04 a= 1.000E+00 mem= 7.7% 
 Fine step=   627 t= 2.23282E-01 dt= 3.560E-04 a= 1.000E+00 mem= 7.7% 
 Fine step=   628 t= 2.23638E-01 dt= 3.554E-04 a= 1.000E+00 mem= 7.7% 
 Fine step=   629 t= 2.23993E-01 dt= 3.557E-04 a= 1.000E+00 mem= 7.7% 
 Fine step=   630 t= 2.24349E-01 dt= 3.557E-04 a= 1.000E+00 mem= 7.6% 
 Fine step=   631 t= 2.24705E-01 dt= 3.552E-04 a= 1.000E+00 mem= 7.6% 
 Fine step=   632 t= 2.25060E-01 dt= 3.560E-04 a= 1.000E+00 mem= 7.8% 
 Fine step=   633 t= 2.25416E-01 dt= 3.554E-04 a= 1.000E+00 mem= 7.8% 
 Fine step=   634 t= 2.25771E-01 dt= 3.551E-04 a= 1.000E+00 mem= 7.8% 
 Fine step=   635 t= 2.26126E-01 dt= 3.559E-04 a= 1.000E+00 mem= 7.8% 
 Fine step=   636 t= 2.26482E-01 dt= 3.551E-04 a= 1.000E+00 mem= 7.7% 
 Fine step=   637 t= 2.26837E-01 dt= 3.550E-04 a= 1.000E+00 mem= 7.7% 
 Fine step=   638 t= 2.27192E-01 dt= 3.557E-04 a= 1.000E+00 mem= 7.7% 
 Fine step=   639 t= 2.27548E-01 dt= 3.551E-04 a= 1.000E+00 mem= 7.7% 
 Mesh structure
 Level  1 has          1 grids (       1,       1,       1,)
 Level  2 has          2 grids (       2,       2,       2,)
 Level  3 has          4 grids (       4,       4,       4,)
 Level  4 has          8 grids (       8,       8,       8,)
 Level  5 has         16 grids (      16,      16,      16,)
 Level  6 has         27 grids (      27,      27,      27,)
 Level  7 has         36 grids (      36,      36,      36,)
 Level  8 has         17 grids (      17,      17,      17,)
 Level  9 has         16 grids (      16,      16,      16,)
 Level 10 has         13 grids (      13,      13,      13,)
 Main step=    40 mcons= 0.00E+00 econs= 0.00E+00 epot= 0.00E+00 ekin= 1.38E+00
 Fine step=   640 t= 2.27903E-01 dt= 3.553E-04 a= 1.000E+00 mem= 7.6% 
 Fine step=   641 t= 2.28258E-01 dt= 3.554E-04 a= 1.000E+00 mem= 7.6% 
 Fine step=   642 t= 2.28614E-01 dt= 3.550E-04 a= 1.000E+00 mem= 7.6% 
 Fine step=   643 t= 2.28969E-01 dt= 3.557E-04 a= 1.000E+00 mem= 7.6% 
 Fine step=   644 t= 2.29324E-01 dt= 3.551E-04 a= 1.000E+00 mem= 7.6% 
 Fine step=   645 t= 2.29680E-01 dt= 3.550E-04 a= 1.000E+00 mem= 7.6% 
 Fine step=   646 t= 2.30035E-01 dt= 3.555E-04 a= 1.000E+00 mem= 7.6% 
 Fine step=   647 t= 2.30390E-01 dt= 3.551E-04 a= 1.000E+00 mem= 7.6% 
 Fine step=   648 t= 2.30745E-01 dt= 3.552E-04 a= 1.000E+00 mem= 7.6% 
 Fine step=   649 t= 2.31100E-01 dt= 3.555E-04 a= 1.000E+00 mem= 7.6% 
 Fine step=   650 t= 2.31456E-01 dt= 3.552E-04 a= 1.000E+00 mem= 7.6% 
 Fine step=   651 t= 2.31811E-01 dt= 3.557E-04 a= 1.000E+00 mem= 7.6% 
 Fine step=   652 t= 2.32167E-01 dt= 3.556E-04 a= 1.000E+00 mem= 7.6% 
 Fine step=   653 t= 2.32522E-01 dt= 3.555E-04 a= 1.000E+00 mem= 7.6% 
 Fine step=   654 t= 2.32878E-01 dt= 3.558E-04 a= 1.000E+00 mem= 7.6% 
 Fine step=   655 t= 2.33234E-01 dt= 3.555E-04 a= 1.000E+00 mem= 7.6% 
 Mesh structure
 Level  1 has          1 grids (       1,       1,       1,)
 Level  2 has          2 grids (       2,       2,       2,)
 Level  3 has          4 grids (       4,       4,       4,)
 Level  4 has          8 grids (       8,       8,       8,)
 Level  5 has         16 grids (      16,      16,      16,)
 Level  6 has         28 grids (      28,      28,      28,)
 Level  7 has         37 grids (      37,      37,      37,)
 Level  8 has         17 grids (      17,      17,      17,)
 Level  9 has         16 grids (      16,      16,      16,)
 Level 10 has         13 grids (      13,      13,      13,)
 Main step=    41 mcons= 1.06E-07 econs= 4.33E-08 epot= 0.00E+00 ekin= 1.38E+00
 Fine step=   656 t= 2.33589E-01 dt= 3.557E-04 a= 1.000E+00 mem= 7.7% 
 Fine step=   657 t= 2.33945E-01 dt= 3.559E-04 a= 1.000E+00 mem= 7.7% 
 Fine step=   658 t= 2.34301E-01 dt= 3.556E-04 a= 1.000E+00 mem= 7.7% 
 Fine step=   659 t= 2.34656E-01 dt= 3.558E-04 a= 1.000E+00 mem= 7.7% 
 Fine step=   660 t= 2.35012E-01 dt= 3.560E-04 a= 1.000E+00 mem= 7.7% 
 Fine step=   661 t= 2.35368E-01 dt= 3.556E-04 a= 1.000E+00 mem= 7.7% 
 Fine step=   662 t= 2.35724E-01 dt= 3.560E-04 a= 1.000E+00 mem= 7.7% 
 Fine step=   663 t= 2.36080E-01 dt= 3.560E-04 a= 1.000E+00 mem= 7.7% 
 Fine step=   664 t= 2.36436E-01 dt= 3.558E-04 a= 1.000E+00 mem= 7.7% 
 Fine step=   665 t= 2.36792E-01 dt= 3.561E-04 a= 1.000E+00 mem= 7.7% 
 Fine step=   666 t= 2.37148E-01 dt= 3.560E-04 a= 1.000E+00 mem= 7.7% 
 Fine step=   667 t= 2.37504E-01 dt= 3.559E-04 a= 1.000E+00 mem= 7.7% 
 Fine step=   668 t= 2.37860E-01 dt= 3.561E-04 a= 1.000E+00 mem= 7.7% 
 Fine step=   669 t= 2.38216E-01 dt= 3.559E-04 a= 1.000E+00 mem= 7.7% 
 Fine step=   670 t= 2.38572E-01 dt= 3.559E-04 a= 1.000E+00 mem= 7.7% 
 Fine step=   671 t= 2.38927E-01 dt= 3.561E-04 a= 1.000E+00 mem= 7.7% 
 Mesh structure
 Level  1 has          1 grids (       1,       1,       1,)
 Level  2 has          2 grids (       2,       2,       2,)
 Level  3 has          4 grids (       4,       4,       4,)
 Level  4 has          8 grids (       8,       8,       8,)
 Level  5 has         16 grids (      16,      16,      16,)
 Level  6 has         28 grids (      28,      28,      28,)
 Level  7 has         38 grids (      38,      38,      38,)
 Level  8 has         18 grids (      18,      18,      18,)
 Level  9 has         16 grids (      16,      16,      16,)
 Level 10 has         13 grids (      13,      13,      13,)
 Main step=    42 mcons= 0.00E+00 econs= 0.00E+00 epot= 0.00E+00 ekin= 1.38E+00
 Fine step=   672 t= 2.39284E-01 dt= 3.558E-04 a= 1.000E+00 mem= 7.8% 
 Fine step=   673 t= 2.39639E-01 dt= 3.560E-04 a= 1.000E+00 mem= 7.8% 
 Fine step=   674 t= 2.39995E-01 dt= 3.561E-04 a= 1.000E+00 mem= 7.8% 
 Fine step=   675 t= 2.40351E-01 dt= 3.558E-04 a= 1.000E+00 mem= 7.8% 
 Fine step=   676 t= 2.40707E-01 dt= 3.561E-04 a= 1.000E+00 mem= 7.8% 
 Fine step=   677 t= 2.41063E-01 dt= 3.561E-04 a= 1.000E+00 mem= 7.8% 
 Fine step=   678 t= 2.41420E-01 dt= 3.558E-04 a= 1.000E+00 mem= 7.8% 
 Fine step=   679 t= 2.41775E-01 dt= 3.561E-04 a= 1.000E+00 mem= 7.8% 
 Fine step=   680 t= 2.42132E-01 dt= 3.559E-04 a= 1.000E+00 mem= 7.8% 
 Fine step=   681 t= 2.42487E-01 dt= 3.557E-04 a= 1.000E+00 mem= 7.8% 
 Fine step=   682 t= 2.42843E-01 dt= 3.562E-04 a= 1.000E+00 mem= 7.7% 
 Fine step=   683 t= 2.43199E-01 dt= 3.557E-04 a= 1.000E+00 mem= 7.7% 
 Fine step=   684 t= 2.43555E-01 dt= 3.556E-04 a= 1.000E+00 mem= 7.8% 
 Fine step=   685 t= 2.43911E-01 dt= 3.562E-04 a= 1.000E+00 mem= 7.8% 
 Fine step=   686 t= 2.44267E-01 dt= 3.556E-04 a= 1.000E+00 mem= 7.8% 
 Fine step=   687 t= 2.44622E-01 dt= 3.558E-04 a= 1.000E+00 mem= 7.8% 
 Mesh structure
 Level  1 has          1 grids (       1,       1,       1,)
 Level  2 has          2 grids (       2,       2,       2,)
 Level  3 has          4 grids (       4,       4,       4,)
 Level  4 has          8 grids (       8,       8,       8,)
 Level  5 has         16 grids (      16,      16,      16,)
 Level  6 has         28 grids (      28,      28,      28,)
 Level  7 has         37 grids (      37,      37,      37,)
 Level  8 has         18 grids (      18,      18,      18,)
 Level  9 has         15 grids (      15,      15,      15,)
 Level 10 has         13 grids (      13,      13,      13,)
 Main step=    43 mcons= 1.06E-07 econs= 4.33E-08 epot= 0.00E+00 ekin= 1.38E+00
 Fine step=   688 t= 2.44978E-01 dt= 3.559E-04 a= 1.000E+00 mem= 7.8% 
 Fine step=   689 t= 2.45334E-01 dt= 3.554E-04 a= 1.000E+00 mem= 7.8% 
 Fine step=   690 t= 2.45690E-01 dt= 3.562E-04 a= 1.000E+00 mem= 7.7% 
 Fine step=   691 t= 2.46046E-01 dt= 3.556E-04 a= 1.000E+00 mem= 7.7% 
 Fine step=   692 t= 2.46401E-01 dt= 3.553E-04 a= 1.000E+00 mem= 7.8% 
 Fine step=   693 t= 2.46757E-01 dt= 3.561E-04 a= 1.000E+00 mem= 7.8% 
 Fine step=   694 t= 2.47113E-01 dt= 3.554E-04 a= 1.000E+00 mem= 7.8% 
 Fine step=   695 t= 2.47468E-01 dt= 3.552E-04 a= 1.000E+00 mem= 7.8% 
 Fine step=   696 t= 2.47823E-01 dt= 3.559E-04 a= 1.000E+00 mem= 7.8% 
 Fine step=   697 t= 2.48179E-01 dt= 3.552E-04 a= 1.000E+00 mem= 7.8% 
 Fine step=   698 t= 2.48535E-01 dt= 3.553E-04 a= 1.000E+00 mem= 7.9% 
 Fine step=   699 t= 2.48890E-01 dt= 3.556E-04 a= 1.000E+00 mem= 7.9% 
 Fine step=   700 t= 2.49245E-01 dt= 3.551E-04 a= 1.000E+00 mem= 7.9% 
 Fine step=   701 t= 2.49600E-01 dt= 3.557E-04 a= 1.000E+00 mem= 7.9% 
 Fine step=   702 t= 2.49956E-01 dt= 3.552E-04 a= 1.000E+00 mem= 7.7% 
 Fine step=   703 t= 2.50311E-01 dt= 3.550E-04 a= 1.000E+00 mem= 7.7% 
 Output   144 cells
 ================================================
 lev      x           d          u          P
  5  1.56250E-02  1.000E+00  0.000E+00  1.000E+00
  5  4.68750E-02  1.000E+00  0.000E+00  1.000E+00
  5  7.81250E-02  1.000E+00  0.000E+00  1.000E+00
  5  1.09375E-01  1.000E+00  0.000E+00  1.000E+00
  6  1.32813E-01  1.000E+00  5.960E-08  1.000E+00
  6  1.48438E-01  1.000E+00  1.103E-06  1.000E+00
  6  1.64063E-01  1.000E+00  1.395E-05  1.000E+00
  6  1.79688E-01  9.999E-01  1.697E-04  9.998E-01
  7  1.91406E-01  9.987E-01  1.541E-03  9.982E-01
  7  1.99219E-01  9.964E-01  4.294E-03  9.949E-01
  7  2.07031E-01  9.845E-01  1.848E-02  9.784E-01
  7  2.14844E-01  9.679E-01  3.850E-02  9.554E-01
  7  2.22656E-01  9.482E-01  6.261E-02  9.283E-01
  7  2.30469E-01  9.274E-01  8.859E-02  8.999E-01
  7  2.38281E-01  9.064E-01  1.152E-01  8.715E-01
  7  2.46094E-01  8.858E-01  1.418E-01  8.440E-01
  7  2.53906E-01  8.658E-01  1.681E-01  8.174E-01
  7  2.61719E-01  8.463E-01  1.942E-01  7.918E-01
  7  2.69531E-01  8.273E-01  2.202E-01  7.670E-01
  7  2.77344E-01  8.087E-01  2.461E-01  7.429E-01
  7  2.85156E-01  7.904E-01  2.720E-01  7.194E-01
  7  2.92969E-01  7.724E-01  2.979E-01  6.966E-01
  7  3.00781E-01  7.548E-01  3.237E-01  6.745E-01
  7  3.08594E-01  7.375E-01  3.496E-01  6.530E-01
  7  3.16406E-01  7.206E-01  3.754E-01  6.321E-01
  7  3.24219E-01  7.039E-01  4.013E-01  6.117E-01
  7  3.32031E-01  6.876E-01  4.271E-01  5.919E-01
  7  3.39844E-01  6.715E-01  4.530E-01  5.727E-01
  7  3.47656E-01  6.558E-01  4.789E-01  5.540E-01
  7  3.55469E-01  6.403E-01  5.048E-01  5.358E-01
  7  3.63281E-01  6.252E-01  5.307E-01  5.181E-01
  7  3.71094E-01  6.103E-01  5.565E-01  5.009E-01
  7  3.78906E-01  5.957E-01  5.824E-01  4.842E-01
  7  3.86719E-01  5.814E-01  6.083E-01  4.680E-01
  7  3.94531E-01  5.674E-01  6.341E-01  4.523E-01
  7  4.02344E-01  5.537E-01  6.599E-01  4.371E-01
  7  4.10156E-01  5.402E-01  6.857E-01  4.223E-01
  7  4.17969E-01  5.270E-01  7.116E-01  4.078E-01
  7  4.25781E-01  5.139E-01  7.377E-01  3.938E-01
  7  4.33594E-01  5.010E-01  7.640E-01  3.799E-01
  7  4.41406E-01  4.881E-01  7.907E-01  3.664E-01
  7  4.49219E-01  4.754E-01  8.176E-01  3.531E-01
  7  4.57031E-01  4.631E-01  8.443E-01  3.404E-01
  7  4.64844E-01  4.516E-01  8.698E-01  3.285E-01
  7  4.72656E-01  4.414E-01  8.927E-01  3.182E-01
  7  4.80469E-01  4.333E-01  9.111E-01  3.101E-01
  7  4.88281E-01  4.281E-01  9.232E-01  3.049E-01
  7  4.96094E-01  4.261E-01  9.278E-01  3.030E-01
  6  5.07813E-01  4.260E-01  9.281E-01  3.028E-01
  6  5.23438E-01  4.261E-01  9.279E-01  3.029E-01
  6  5.39063E-01  4.262E-01  9.275E-01  3.030E-01
  6  5.54688E-01  4.263E-01  9.273E-01  3.031E-01
  5  5.78125E-01  4.263E-01  9.273E-01  3.031E-01
  6  6.01563E-01  4.263E-01  9.274E-01  3.031E-01
  6  6.17188E-01  4.263E-01  9.274E-01  3.031E-01
  6  6.32813E-01  4.263E-01  9.275E-01  3.031E-01
  6  6.48438E-01  4.264E-01  9.275E-01  3.031E-01
  7  6.60156E-01  4.264E-01  9.275E-01  3.031E-01
  7  6.67969E-01  4.264E-01  9.275E-01  3.031E-01
  7  6.75781E-01  4.264E-01  9.275E-01  3.031E-01
  7  6.83594E-01  4.264E-01  9.275E-01  3.031E-01
  7  6.91406E-01  4.263E-01  9.275E-01  3.031E-01
  8  6.97266E-01  4.261E-01  9.274E-01  3.031E-01
  8  7.01172E-01  4.260E-01  9.274E-01  3.031E-01
  8  7.05078E-01  4.259E-01  9.274E-01  3.031E-01
  8  7.08984E-01  4.260E-01  9.274E-01  3.031E-01
  8  7.12891E-01  4.268E-01  9.274E-01  3.031E-01
  9  7.15820E-01  4.286E-01  9.274E-01  3.031E-01
  9  7.17773E-01  4.296E-01  9.274E-01  3.031E-01
  9  7.19727E-01  4.308E-01  9.274E-01  3.031E-01
  9  7.21680E-01  4.316E-01  9.274E-01  3.031E-01
  9  7.23633E-01  4.319E-01  9.274E-01  3.031E-01
 10  7.25098E-01  4.309E-01  9.274E-01  3.031E-01
 10  7.26074E-01  4.261E-01  9.274E-01  3.031E-01
 10  7.27051E-01  4.173E-01  9.274E-01  3.031E-01
 10  7.28027E-01  4.052E-01  9.274E-01  3.031E-01
 10  7.29004E-01  3.905E-01  9.274E-01  3.031E-01
 10  7.29980E-01  3.742E-01  9.274E-01  3.031E-01
 10  7.30957E-01  3.572E-01  9.274E-01  3.031E-01
 10  7.31934E-01  3.403E-01  9.274E-01  3.031E-01
 10  7.32910E-01  3.244E-01  9.274E-01  3.031E-01
 10  7.33887E-01  3.100E-01  9.274E-01  3.031E-01
 10  7.34863E-01  2.977E-01  9.274E-01  3.031E-01
 10  7.35840E-01  2.875E-01  9.274E-01  3.031E-01
 10  7.36816E-01  2.796E-01  9.274E-01  3.031E-01
 10  7.37793E-01  2.735E-01  9.274E-01  3.031E-01
 10  7.38770E-01  2.699E-01  9.274E-01  3.031E-01
 10  7.39746E-01  2.672E-01  9.274E-01  3.031E-01
  9  7.41211E-01  2.658E-01  9.274E-01  3.031E-01
  9  7.43164E-01  2.653E-01  9.274E-01  3.031E-01
  9  7.45117E-01  2.652E-01  9.274E-01  3.031E-01
  9  7.47070E-01  2.652E-01  9.274E-01  3.031E-01
  9  7.49023E-01  2.652E-01  9.274E-01  3.031E-01
  8  7.51953E-01  2.652E-01  9.274E-01  3.031E-01
  8  7.55859E-01  2.653E-01  9.274E-01  3.031E-01
  8  7.59766E-01  2.654E-01  9.274E-01  3.031E-01
  8  7.63672E-01  2.655E-01  9.274E-01  3.031E-01
  7  7.69531E-01  2.655E-01  9.273E-01  3.031E-01
  7  7.77344E-01  2.655E-01  9.273E-01  3.031E-01
  7  7.85156E-01  2.656E-01  9.273E-01  3.031E-01
  7  7.92969E-01  2.655E-01  9.273E-01  3.031E-01
  6  8.04688E-01  2.656E-01  9.274E-01  3.031E-01
  6  8.20313E-01  2.656E-01  9.274E-01  3.031E-01
  6  8.35938E-01  2.656E-01  9.275E-01  3.031E-01
  6  8.51563E-01  2.656E-01  9.275E-01  3.031E-01
  7  8.63281E-01  2.656E-01  9.275E-01  3.031E-01
  7  8.71094E-01  2.656E-01  9.275E-01  3.032E-01
  7  8.78906E-01  2.656E-01  9.275E-01  3.031E-01
  7  8.86719E-01  2.656E-01  9.274E-01  3.031E-01
  7  8.94531E-01  2.655E-01  9.274E-01  3.031E-01
  7  9.02344E-01  2.656E-01  9.274E-01  3.031E-01
  8  9.08203E-01  2.657E-01  9.273E-01  3.031E-01
  8  9.12109E-01  2.657E-01  9.273E-01  3.031E-01
  8  9.16016E-01  2.655E-01  9.273E-01  3.031E-01
  8  9.19922E-01  2.652E-01  9.273E-01  3.031E-01
  8  9.23828E-01  2.653E-01  9.273E-01  3.031E-01
  9  9.26758E-01  2.657E-01  9.274E-01  3.031E-01
  9  9.28711E-01  2.661E-01  9.274E-01  3.031E-01
  9  9.30664E-01  2.663E-01  9.273E-01  3.031E-01
  9  9.32617E-01  2.663E-01  9.273E-01  3.031E-01
 10  9.34082E-01  2.662E-01  9.274E-01  3.031E-01
 10  9.35059E-01  2.660E-01  9.273E-01  3.031E-01
 10  9.36035E-01  2.654E-01  9.282E-01  3.030E-01
 10  9.37012E-01  2.645E-01  9.287E-01  3.036E-01
 10  9.37988E-01  2.624E-01  9.192E-01  3.039E-01
 10  9.38965E-01  2.296E-01  7.128E-01  2.536E-01
 10  9.39941E-01  1.395E-01  1.362E-01  1.183E-01
 10  9.40918E-01  1.251E-01  1.026E-03  1.001E-01
 10  9.41895E-01  1.250E-01  6.080E-06  1.000E-01
 10  9.42871E-01  1.250E-01  0.000E+00  1.000E-01
 10  9.43848E-01  1.250E-01  1.490E-08  1.000E-01
 10  9.44824E-01  1.250E-01 -1.490E-08  1.000E-01
  9  9.46289E-01  1.250E-01 -2.980E-08  1.000E-01
  9  9.48242E-01  1.250E-01 -2.980E-08  1.000E-01
  9  9.50195E-01  1.250E-01  2.980E-08  1.000E-01
  9  9.52148E-01  1.250E-01  2.980E-08  1.000E-01
  8  9.55078E-01  1.250E-01  0.000E+00  1.000E-01
  8  9.58984E-01  1.250E-01  0.000E+00  1.000E-01
  8  9.62891E-01  1.250E-01  0.000E+00  1.000E-01
  8  9.66797E-01  1.250E-01  0.000E+00  1.000E-01
  7  9.72656E-01  1.250E-01  5.960E-08  1.000E-01
  7  9.80469E-01  1.250E-01  2.980E-08  1.000E-01
  7  9.88281E-01  1.250E-01  2.980E-08  1.000E-01
  7  9.96094E-01  1.250E-01  0.000E+00  1.000E-01
 ================================================
 Mesh structure
 Level  1 has          1 grids (       1,       1,       1,)
 Level  2 has          2 grids (       2,       2,       2,)
 Level  3 has          4 grids (       4,       4,       4,)
 Level  4 has          8 grids (       8,       8,       8,)
 Level  5 has         16 grids (      16,      16,      16,)
 Level  6 has         27 grids (      27,      27,      27,)
 Level  7 has         38 grids (      38,      38,      38,)
 Level  8 has         17 grids (      17,      17,      17,)
 Level  9 has         16 grids (      16,      16,      16,)
 Level 10 has         14 grids (      14,      14,      14,)
 Main step=    44 mcons= 1.06E-07 econs= 0.00E+00 epot= 0.00E+00 ekin= 1.38E+00
 Fine step=   704 t= 2.50666E-01 dt= 3.556E-04 a= 1.000E+00 mem= 7.8% 
 Run completed
